<?xml version="1.0" encoding="UTF-8"?>
<!-- Generated by org.testng.reporters.JUnitReportReporter -->
<testsuite hostname="DESKTOP-3EMAQIT" failures="0" tests="3" name="TestPractice.ActitimeValidations3" time="46.688" errors="0" timestamp="2023-10-06T12:13:58 IST" skipped="0">
  <testcase classname="TestPractice.ActitimeValidations3" name="testUsernameInputField" time="14.084"/>
  <system-out/>
  <testcase classname="TestPractice.ActitimeValidations3" name="testCheckbox" time="11.499"/>
  <system-out/>
  <testcase classname="TestPractice.ActitimeValidations3" name="testActitime_validData" time="21.105"/>
  <system-out/>
</testsuite> <!-- TestPractice.ActitimeValidations3 -->
