<?xml version="1.0" encoding="UTF-8"?>
<!-- Generated by org.testng.reporters.JUnitReportReporter -->
<testsuite hostname="DESKTOP-3EMAQIT" failures="0" tests="1" name="JavasriptPractice.Example3" time="6.572" errors="0" timestamp="2023-10-12T19:49:32 IST" skipped="0">
  <testcase classname="JavasriptPractice.Example3" name="testCase1" time="6.572"/>
  <system-out/>
</testsuite> <!-- JavasriptPractice.Example3 -->
