<?xml version="1.0" encoding="UTF-8"?>
<!-- Generated by org.testng.reporters.JUnitReportReporter -->
<testsuite hostname="DESKTOP-3EMAQIT" failures="0" tests="2" name="TestPractice.OrangeHrmPIM4" time="9.751" errors="0" timestamp="2023-10-07T17:41:16 IST" skipped="0">
  <testcase classname="TestPractice.OrangeHrmPIM4" name="create_PIMUser" time="5.710"/>
  <system-out/>
  <testcase classname="TestPractice.OrangeHrmPIM4" name="update_PimUser" time="4.041"/>
  <system-out/>
</testsuite> <!-- TestPractice.OrangeHrmPIM4 -->
