<?xml version="1.0" encoding="UTF-8"?>
<!-- Generated by org.testng.reporters.JUnitReportReporter -->
<testsuite hostname="DESKTOP-3EMAQIT" failures="0" tests="1" name="TestPractice.SauceDemoAssignment2" time="4.121" errors="0" timestamp="2023-10-09T16:19:37 IST" skipped="0">
  <testcase classname="TestPractice.SauceDemoAssignment2" name="loginToSauceDemo" time="4.121"/>
  <system-out/>
</testsuite> <!-- TestPractice.SauceDemoAssignment2 -->
