<?xml version="1.0" encoding="UTF-8"?>
<!-- Generated by org.testng.reporters.JUnitReportReporter -->
<testsuite hostname="DESKTOP-3EMAQIT" failures="0" tests="7" name="TestPractice.Example4" time="0.033" errors="0" timestamp="2023-10-06T11:40:09 IST" skipped="0">
  <testcase classname="TestPractice.Example4" name="testCase3" time="0.002"/>
  <system-out/>
  <testcase classname="TestPractice.Example4" name="testCase1" time="0.019"/>
  <system-out/>
  <testcase classname="TestPractice.Example4" name="testCase2" time="0.002"/>
  <system-out/>
  <testcase classname="TestPractice.Example4" name="testCase2" time="0.003"/>
  <system-out/>
  <testcase classname="TestPractice.Example4" name="testCase2" time="0.002"/>
  <system-out/>
  <testcase classname="TestPractice.Example4" name="testCase2" time="0.003"/>
  <system-out/>
  <testcase classname="TestPractice.Example4" name="testCase2" time="0.002"/>
  <system-out/>
</testsuite> <!-- TestPractice.Example4 -->
