<?xml version="1.0" encoding="UTF-8"?>
<!-- Generated by org.testng.reporters.JUnitReportReporter -->
<testsuite hostname="DESKTOP-3EMAQIT" failures="0" tests="3" name="OrangeHRMScripts.TestOrangeHrmPim" time="74.705" errors="0" timestamp="2023-10-17T15:50:15 IST" skipped="0">
  <testcase classname="OrangeHRMScripts.TestOrangeHrmPim" name="editPIM" time="28.597"/>
  <testcase classname="OrangeHRMScripts.TestOrangeHrmPim" name="deletePIM" time="23.967"/>
  <testcase classname="OrangeHRMScripts.TestOrangeHrmPim" name="createPIM" time="22.141"/>
</testsuite> <!-- OrangeHRMScripts.TestOrangeHrmPim -->
