<?xml version="1.0" encoding="UTF-8"?>
<!-- Generated by org.testng.reporters.JUnitReportReporter -->
<testsuite hostname="DESKTOP-3EMAQIT" failures="0" tests="3" name="TestPractice.Example2" time="0.005" errors="0" timestamp="2023-10-06T11:40:09 IST" skipped="1">
  <testcase classname="TestPractice.Example2" name="testCase1" time="0.003"/>
  <system-out/>
  <testcase classname="TestPractice.Example2" name="testCase2" time="0.002"/>
  <system-out/>
  <testcase classname="TestPractice.Example2" name="testCase3">
    <skipped/>
  </testcase> <!-- testCase3 -->
  <system-out/>
</testsuite> <!-- TestPractice.Example2 -->
