<?xml version="1.0" encoding="UTF-8"?>
<!-- Generated by org.testng.reporters.JUnitReportReporter -->
<testsuite hostname="DESKTOP-3EMAQIT" failures="0" tests="2" name="TestPractice.ActitimeLogin2" time="190.126" errors="1" timestamp="10 Oct 2023 15:34:13 GMT" skipped="0">
  <testcase classname="TestPractice.ActitimeLogin2" name="testActitimeLogin" time="16.540"/>
  <testcase classname="TestPractice.ActitimeLogin2" name="cleanUp1" time="173.586">
    <error message="org.apache.poi.openxml4j.exceptions.InvalidFormatException: Package should contain a content type part [M1.13]" type="org.apache.poi.POIXMLException">
      <![CDATA[org.apache.poi.POIXMLException: org.apache.poi.openxml4j.exceptions.InvalidFormatException: Package should contain a content type part [M1.13]
at org.apache.poi.util.PackageHelper.open(PackageHelper.java:41)
at org.apache.poi.xssf.usermodel.XSSFWorkbook.<init>(XSSFWorkbook.java:204)
at Utility.ExcelUtility.initializeWorkbook(ExcelUtility.java:19)
at Utility.ExcelUtility.updateExcelContent(ExcelUtility.java:55)
at TestPractice.ActitimeLogin2.cleanUp1(ActitimeLogin2.java:39)
at TestPractice.ActitimeLogin2.cleanUp1(ActitimeLogin2.java:43)
at TestPractice.ActitimeLogin2.cleanUp1(ActitimeLogin2.java:43)
at TestPractice.ActitimeLogin2.cleanUp1(ActitimeLogin2.java:43)
at TestPractice.ActitimeLogin2.cleanUp1(ActitimeLogin2.java:43)
at TestPractice.ActitimeLogin2.cleanUp1(ActitimeLogin2.java:43)
at TestPractice.ActitimeLogin2.cleanUp1(ActitimeLogin2.java:43)
at TestPractice.ActitimeLogin2.cleanUp1(ActitimeLogin2.java:43)
at TestPractice.ActitimeLogin2.cleanUp1(ActitimeLogin2.java:43)
at TestPractice.ActitimeLogin2.cleanUp1(ActitimeLogin2.java:43)
at TestPractice.ActitimeLogin2.cleanUp1(ActitimeLogin2.java:43)
at TestPractice.ActitimeLogin2.cleanUp1(ActitimeLogin2.java:43)
at TestPractice.ActitimeLogin2.cleanUp1(ActitimeLogin2.java:43)
at TestPractice.ActitimeLogin2.cleanUp1(ActitimeLogin2.java:43)
at TestPractice.ActitimeLogin2.cleanUp1(ActitimeLogin2.java:43)
at TestPractice.ActitimeLogin2.cleanUp1(ActitimeLogin2.java:43)
at TestPractice.ActitimeLogin2.cleanUp1(ActitimeLogin2.java:43)
at TestPractice.ActitimeLogin2.cleanUp1(ActitimeLogin2.java:43)
at TestPractice.ActitimeLogin2.cleanUp1(ActitimeLogin2.java:43)
at TestPractice.ActitimeLogin2.cleanUp1(ActitimeLogin2.java:43)
at TestPractice.ActitimeLogin2.cleanUp1(ActitimeLogin2.java:43)
at TestPractice.ActitimeLogin2.cleanUp1(ActitimeLogin2.java:43)
at TestPractice.ActitimeLogin2.cleanUp1(ActitimeLogin2.java:43)
at TestPractice.ActitimeLogin2.cleanUp1(ActitimeLogin2.java:43)
at TestPractice.ActitimeLogin2.cleanUp1(ActitimeLogin2.java:43)
at TestPractice.ActitimeLogin2.cleanUp1(ActitimeLogin2.java:43)
at TestPractice.ActitimeLogin2.cleanUp1(ActitimeLogin2.java:43)
at TestPractice.ActitimeLogin2.cleanUp1(ActitimeLogin2.java:43)
at TestPractice.ActitimeLogin2.cleanUp1(ActitimeLogin2.java:43)
at TestPractice.ActitimeLogin2.cleanUp1(ActitimeLogin2.java:43)
at TestPractice.ActitimeLogin2.cleanUp1(ActitimeLogin2.java:43)
at TestPractice.ActitimeLogin2.cleanUp1(ActitimeLogin2.java:43)
at TestPractice.ActitimeLogin2.cleanUp1(ActitimeLogin2.java:43)
at TestPractice.ActitimeLogin2.cleanUp1(ActitimeLogin2.java:43)
at TestPractice.ActitimeLogin2.cleanUp1(ActitimeLogin2.java:43)
at TestPractice.ActitimeLogin2.cleanUp1(ActitimeLogin2.java:43)
at TestPractice.ActitimeLogin2.cleanUp1(ActitimeLogin2.java:43)
at TestPractice.ActitimeLogin2.cleanUp1(ActitimeLogin2.java:43)
at TestPractice.ActitimeLogin2.cleanUp1(ActitimeLogin2.java:43)
at TestPractice.ActitimeLogin2.cleanUp1(ActitimeLogin2.java:43)
at TestPractice.ActitimeLogin2.cleanUp1(ActitimeLogin2.java:43)
at TestPractice.ActitimeLogin2.cleanUp1(ActitimeLogin2.java:43)
at TestPractice.ActitimeLogin2.cleanUp1(ActitimeLogin2.java:43)
at TestPractice.ActitimeLogin2.cleanUp1(ActitimeLogin2.java:43)
at TestPractice.ActitimeLogin2.cleanUp1(ActitimeLogin2.java:43)
at TestPractice.ActitimeLogin2.cleanUp1(ActitimeLogin2.java:43)
at TestPractice.ActitimeLogin2.cleanUp1(ActitimeLogin2.java:43)
at TestPractice.ActitimeLogin2.cleanUp1(ActitimeLogin2.java:43)
at TestPractice.ActitimeLogin2.cleanUp1(ActitimeLogin2.java:43)
at TestPractice.ActitimeLogin2.cleanUp1(ActitimeLogin2.java:43)
at TestPractice.ActitimeLogin2.cleanUp1(ActitimeLogin2.java:43)
at TestPractice.ActitimeLogin2.cleanUp1(ActitimeLogin2.java:43)
at TestPractice.ActitimeLogin2.cleanUp1(ActitimeLogin2.java:43)
at TestPractice.ActitimeLogin2.cleanUp1(ActitimeLogin2.java:43)
at TestPractice.ActitimeLogin2.cleanUp1(ActitimeLogin2.java:43)
at TestPractice.ActitimeLogin2.cleanUp1(ActitimeLogin2.java:43)
at TestPractice.ActitimeLogin2.cleanUp1(ActitimeLogin2.java:43)
at TestPractice.ActitimeLogin2.cleanUp1(ActitimeLogin2.java:43)
at TestPractice.ActitimeLogin2.cleanUp1(ActitimeLogin2.java:43)
at TestPractice.ActitimeLogin2.cleanUp1(ActitimeLogin2.java:43)
at TestPractice.ActitimeLogin2.cleanUp1(ActitimeLogin2.java:43)
at TestPractice.ActitimeLogin2.cleanUp1(ActitimeLogin2.java:43)
at TestPractice.ActitimeLogin2.cleanUp1(ActitimeLogin2.java:43)
at TestPractice.ActitimeLogin2.cleanUp1(ActitimeLogin2.java:43)
at TestPractice.ActitimeLogin2.cleanUp1(ActitimeLogin2.java:43)
at TestPractice.ActitimeLogin2.cleanUp1(ActitimeLogin2.java:43)
at TestPractice.ActitimeLogin2.cleanUp1(ActitimeLogin2.java:43)
at TestPractice.ActitimeLogin2.cleanUp1(ActitimeLogin2.java:43)
at TestPractice.ActitimeLogin2.cleanUp1(ActitimeLogin2.java:43)
at TestPractice.ActitimeLogin2.cleanUp1(ActitimeLogin2.java:43)
at TestPractice.ActitimeLogin2.cleanUp1(ActitimeLogin2.java:43)
at TestPractice.ActitimeLogin2.cleanUp1(ActitimeLogin2.java:43)
at TestPractice.ActitimeLogin2.cleanUp1(ActitimeLogin2.java:43)
at TestPractice.ActitimeLogin2.cleanUp1(ActitimeLogin2.java:43)
at TestPractice.ActitimeLogin2.cleanUp1(ActitimeLogin2.java:43)
at TestPractice.ActitimeLogin2.cleanUp1(ActitimeLogin2.java:43)
at TestPractice.ActitimeLogin2.cleanUp1(ActitimeLogin2.java:43)
at TestPractice.ActitimeLogin2.cleanUp1(ActitimeLogin2.java:43)
at TestPractice.ActitimeLogin2.cleanUp1(ActitimeLogin2.java:43)
at TestPractice.ActitimeLogin2.cleanUp1(ActitimeLogin2.java:43)
at TestPractice.ActitimeLogin2.cleanUp1(ActitimeLogin2.java:43)
at TestPractice.ActitimeLogin2.cleanUp1(ActitimeLogin2.java:43)
at TestPractice.ActitimeLogin2.cleanUp1(ActitimeLogin2.java:43)
at TestPractice.ActitimeLogin2.cleanUp1(ActitimeLogin2.java:43)
at TestPractice.ActitimeLogin2.cleanUp1(ActitimeLogin2.java:43)
at TestPractice.ActitimeLogin2.cleanUp1(ActitimeLogin2.java:43)
at TestPractice.ActitimeLogin2.cleanUp1(ActitimeLogin2.java:43)
at TestPractice.ActitimeLogin2.cleanUp1(ActitimeLogin2.java:43)
at TestPractice.ActitimeLogin2.cleanUp1(ActitimeLogin2.java:43)
at TestPractice.ActitimeLogin2.cleanUp1(ActitimeLogin2.java:43)
at TestPractice.ActitimeLogin2.cleanUp1(ActitimeLogin2.java:43)
at TestPractice.ActitimeLogin2.cleanUp1(ActitimeLogin2.java:43)
at TestPractice.ActitimeLogin2.cleanUp1(ActitimeLogin2.java:43)
at TestPractice.ActitimeLogin2.cleanUp1(ActitimeLogin2.java:43)
at TestPractice.ActitimeLogin2.cleanUp1(ActitimeLogin2.java:43)
at TestPractice.ActitimeLogin2.cleanUp1(ActitimeLogin2.java:43)
at TestPractice.ActitimeLogin2.cleanUp1(ActitimeLogin2.java:43)
at TestPractice.ActitimeLogin2.cleanUp1(ActitimeLogin2.java:43)
at TestPractice.ActitimeLogin2.cleanUp1(ActitimeLogin2.java:43)
at TestPractice.ActitimeLogin2.cleanUp1(ActitimeLogin2.java:43)
at TestPractice.ActitimeLogin2.cleanUp1(ActitimeLogin2.java:43)
at TestPractice.ActitimeLogin2.cleanUp1(ActitimeLogin2.java:43)
at TestPractice.ActitimeLogin2.cleanUp1(ActitimeLogin2.java:43)
at TestPractice.ActitimeLogin2.cleanUp1(ActitimeLogin2.java:43)
at TestPractice.ActitimeLogin2.cleanUp1(ActitimeLogin2.java:43)
at TestPractice.ActitimeLogin2.cleanUp1(ActitimeLogin2.java:43)
at TestPractice.ActitimeLogin2.cleanUp1(ActitimeLogin2.java:43)
at TestPractice.ActitimeLogin2.cleanUp1(ActitimeLogin2.java:43)
at TestPractice.ActitimeLogin2.cleanUp1(ActitimeLogin2.java:43)
at TestPractice.ActitimeLogin2.cleanUp1(ActitimeLogin2.java:43)
at TestPractice.ActitimeLogin2.cleanUp1(ActitimeLogin2.java:43)
at TestPractice.ActitimeLogin2.cleanUp1(ActitimeLogin2.java:43)
at TestPractice.ActitimeLogin2.cleanUp1(ActitimeLogin2.java:43)
at TestPractice.ActitimeLogin2.cleanUp1(ActitimeLogin2.java:43)
at TestPractice.ActitimeLogin2.cleanUp1(ActitimeLogin2.java:43)
at TestPractice.ActitimeLogin2.cleanUp1(ActitimeLogin2.java:43)
at TestPractice.ActitimeLogin2.cleanUp1(ActitimeLogin2.java:43)
at TestPractice.ActitimeLogin2.cleanUp1(ActitimeLogin2.java:43)
at TestPractice.ActitimeLogin2.cleanUp1(ActitimeLogin2.java:43)
at TestPractice.ActitimeLogin2.cleanUp1(ActitimeLogin2.java:43)
at TestPractice.ActitimeLogin2.cleanUp1(ActitimeLogin2.java:43)
at TestPractice.ActitimeLogin2.cleanUp1(ActitimeLogin2.java:43)
at TestPractice.ActitimeLogin2.cleanUp1(ActitimeLogin2.java:43)
at TestPractice.ActitimeLogin2.cleanUp1(ActitimeLogin2.java:43)
at TestPractice.ActitimeLogin2.cleanUp1(ActitimeLogin2.java:43)
at TestPractice.ActitimeLogin2.cleanUp1(ActitimeLogin2.java:43)
at TestPractice.ActitimeLogin2.cleanUp1(ActitimeLogin2.java:43)
at TestPractice.ActitimeLogin2.cleanUp1(ActitimeLogin2.java:43)
at TestPractice.ActitimeLogin2.cleanUp1(ActitimeLogin2.java:43)
at TestPractice.ActitimeLogin2.cleanUp1(ActitimeLogin2.java:43)
at TestPractice.ActitimeLogin2.cleanUp1(ActitimeLogin2.java:43)
at TestPractice.ActitimeLogin2.cleanUp1(ActitimeLogin2.java:43)
at TestPractice.ActitimeLogin2.cleanUp1(ActitimeLogin2.java:43)
at TestPractice.ActitimeLogin2.cleanUp1(ActitimeLogin2.java:43)
at TestPractice.ActitimeLogin2.cleanUp1(ActitimeLogin2.java:43)
at TestPractice.ActitimeLogin2.cleanUp1(ActitimeLogin2.java:43)
at TestPractice.ActitimeLogin2.cleanUp1(ActitimeLogin2.java:43)
at TestPractice.ActitimeLogin2.cleanUp1(ActitimeLogin2.java:43)
at TestPractice.ActitimeLogin2.cleanUp1(ActitimeLogin2.java:43)
at TestPractice.ActitimeLogin2.cleanUp1(ActitimeLogin2.java:43)
at TestPractice.ActitimeLogin2.cleanUp1(ActitimeLogin2.java:43)
at TestPractice.ActitimeLogin2.cleanUp1(ActitimeLogin2.java:43)
at TestPractice.ActitimeLogin2.cleanUp1(ActitimeLogin2.java:43)
at TestPractice.ActitimeLogin2.cleanUp1(ActitimeLogin2.java:43)
at TestPractice.ActitimeLogin2.cleanUp1(ActitimeLogin2.java:43)
at TestPractice.ActitimeLogin2.cleanUp1(ActitimeLogin2.java:43)
at TestPractice.ActitimeLogin2.cleanUp1(ActitimeLogin2.java:43)
at TestPractice.ActitimeLogin2.cleanUp1(ActitimeLogin2.java:43)
at TestPractice.ActitimeLogin2.cleanUp1(ActitimeLogin2.java:43)
at TestPractice.ActitimeLogin2.cleanUp1(ActitimeLogin2.java:43)
at TestPractice.ActitimeLogin2.cleanUp1(ActitimeLogin2.java:43)
at TestPractice.ActitimeLogin2.cleanUp1(ActitimeLogin2.java:43)
at TestPractice.ActitimeLogin2.cleanUp1(ActitimeLogin2.java:43)
at TestPractice.ActitimeLogin2.cleanUp1(ActitimeLogin2.java:43)
at TestPractice.ActitimeLogin2.cleanUp1(ActitimeLogin2.java:43)
at TestPractice.ActitimeLogin2.cleanUp1(ActitimeLogin2.java:43)
at TestPractice.ActitimeLogin2.cleanUp1(ActitimeLogin2.java:43)
at TestPractice.ActitimeLogin2.cleanUp1(ActitimeLogin2.java:43)
at TestPractice.ActitimeLogin2.cleanUp1(ActitimeLogin2.java:43)
at TestPractice.ActitimeLogin2.cleanUp1(ActitimeLogin2.java:43)
at TestPractice.ActitimeLogin2.cleanUp1(ActitimeLogin2.java:43)
at TestPractice.ActitimeLogin2.cleanUp1(ActitimeLogin2.java:43)
at TestPractice.ActitimeLogin2.cleanUp1(ActitimeLogin2.java:43)
at TestPractice.ActitimeLogin2.cleanUp1(ActitimeLogin2.java:43)
at TestPractice.ActitimeLogin2.cleanUp1(ActitimeLogin2.java:43)
at TestPractice.ActitimeLogin2.cleanUp1(ActitimeLogin2.java:43)
at TestPractice.ActitimeLogin2.cleanUp1(ActitimeLogin2.java:43)
at TestPractice.ActitimeLogin2.cleanUp1(ActitimeLogin2.java:43)
at TestPractice.ActitimeLogin2.cleanUp1(ActitimeLogin2.java:43)
at TestPractice.ActitimeLogin2.cleanUp1(ActitimeLogin2.java:43)
at TestPractice.ActitimeLogin2.cleanUp1(ActitimeLogin2.java:43)
at TestPractice.ActitimeLogin2.cleanUp1(ActitimeLogin2.java:43)
at TestPractice.ActitimeLogin2.cleanUp1(ActitimeLogin2.java:43)
at TestPractice.ActitimeLogin2.cleanUp1(ActitimeLogin2.java:43)
at TestPractice.ActitimeLogin2.cleanUp1(ActitimeLogin2.java:43)
at TestPractice.ActitimeLogin2.cleanUp1(ActitimeLogin2.java:43)
at TestPractice.ActitimeLogin2.cleanUp1(ActitimeLogin2.java:43)
at TestPractice.ActitimeLogin2.cleanUp1(ActitimeLogin2.java:43)
at TestPractice.ActitimeLogin2.cleanUp1(ActitimeLogin2.java:43)
at TestPractice.ActitimeLogin2.cleanUp1(ActitimeLogin2.java:43)
at TestPractice.ActitimeLogin2.cleanUp1(ActitimeLogin2.java:43)
at TestPractice.ActitimeLogin2.cleanUp1(ActitimeLogin2.java:43)
at TestPractice.ActitimeLogin2.cleanUp1(ActitimeLogin2.java:43)
at TestPractice.ActitimeLogin2.cleanUp1(ActitimeLogin2.java:43)
at TestPractice.ActitimeLogin2.cleanUp1(ActitimeLogin2.java:43)
at TestPractice.ActitimeLogin2.cleanUp1(ActitimeLogin2.java:43)
at TestPractice.ActitimeLogin2.cleanUp1(ActitimeLogin2.java:43)
at TestPractice.ActitimeLogin2.cleanUp1(ActitimeLogin2.java:43)
at TestPractice.ActitimeLogin2.cleanUp1(ActitimeLogin2.java:43)
at TestPractice.ActitimeLogin2.cleanUp1(ActitimeLogin2.java:43)
at TestPractice.ActitimeLogin2.cleanUp1(ActitimeLogin2.java:43)
at TestPractice.ActitimeLogin2.cleanUp1(ActitimeLogin2.java:43)
at TestPractice.ActitimeLogin2.cleanUp1(ActitimeLogin2.java:43)
at TestPractice.ActitimeLogin2.cleanUp1(ActitimeLogin2.java:43)
at TestPractice.ActitimeLogin2.cleanUp1(ActitimeLogin2.java:43)
at TestPractice.ActitimeLogin2.cleanUp1(ActitimeLogin2.java:43)
at TestPractice.ActitimeLogin2.cleanUp1(ActitimeLogin2.java:43)
at TestPractice.ActitimeLogin2.cleanUp1(ActitimeLogin2.java:43)
at TestPractice.ActitimeLogin2.cleanUp1(ActitimeLogin2.java:43)
at TestPractice.ActitimeLogin2.cleanUp1(ActitimeLogin2.java:43)
at TestPractice.ActitimeLogin2.cleanUp1(ActitimeLogin2.java:43)
at TestPractice.ActitimeLogin2.cleanUp1(ActitimeLogin2.java:43)
at TestPractice.ActitimeLogin2.cleanUp1(ActitimeLogin2.java:43)
at TestPractice.ActitimeLogin2.cleanUp1(ActitimeLogin2.java:43)
at TestPractice.ActitimeLogin2.cleanUp1(ActitimeLogin2.java:43)
at TestPractice.ActitimeLogin2.cleanUp1(ActitimeLogin2.java:43)
at TestPractice.ActitimeLogin2.cleanUp1(ActitimeLogin2.java:43)
at TestPractice.ActitimeLogin2.cleanUp1(ActitimeLogin2.java:43)
at TestPractice.ActitimeLogin2.cleanUp1(ActitimeLogin2.java:43)
at TestPractice.ActitimeLogin2.cleanUp1(ActitimeLogin2.java:43)
at TestPractice.ActitimeLogin2.cleanUp1(ActitimeLogin2.java:43)
at TestPractice.ActitimeLogin2.cleanUp1(ActitimeLogin2.java:43)
at TestPractice.ActitimeLogin2.cleanUp1(ActitimeLogin2.java:43)
at TestPractice.ActitimeLogin2.cleanUp1(ActitimeLogin2.java:43)
at TestPractice.ActitimeLogin2.cleanUp1(ActitimeLogin2.java:43)
at TestPractice.ActitimeLogin2.cleanUp1(ActitimeLogin2.java:43)
at TestPractice.ActitimeLogin2.cleanUp1(ActitimeLogin2.java:43)
at TestPractice.ActitimeLogin2.cleanUp1(ActitimeLogin2.java:43)
at TestPractice.ActitimeLogin2.cleanUp1(ActitimeLogin2.java:43)
at TestPractice.ActitimeLogin2.cleanUp1(ActitimeLogin2.java:43)
at TestPractice.ActitimeLogin2.cleanUp1(ActitimeLogin2.java:43)
at TestPractice.ActitimeLogin2.cleanUp1(ActitimeLogin2.java:43)
at TestPractice.ActitimeLogin2.cleanUp1(ActitimeLogin2.java:43)
at TestPractice.ActitimeLogin2.cleanUp1(ActitimeLogin2.java:43)
at TestPractice.ActitimeLogin2.cleanUp1(ActitimeLogin2.java:43)
at TestPractice.ActitimeLogin2.cleanUp1(ActitimeLogin2.java:43)
at TestPractice.ActitimeLogin2.cleanUp1(ActitimeLogin2.java:43)
at TestPractice.ActitimeLogin2.cleanUp1(ActitimeLogin2.java:43)
at TestPractice.ActitimeLogin2.cleanUp1(ActitimeLogin2.java:43)
at TestPractice.ActitimeLogin2.cleanUp1(ActitimeLogin2.java:43)
at TestPractice.ActitimeLogin2.cleanUp1(ActitimeLogin2.java:43)
at TestPractice.ActitimeLogin2.cleanUp1(ActitimeLogin2.java:43)
at TestPractice.ActitimeLogin2.cleanUp1(ActitimeLogin2.java:43)
at TestPractice.ActitimeLogin2.cleanUp1(ActitimeLogin2.java:43)
at TestPractice.ActitimeLogin2.cleanUp1(ActitimeLogin2.java:43)
at TestPractice.ActitimeLogin2.cleanUp1(ActitimeLogin2.java:43)
at TestPractice.ActitimeLogin2.cleanUp1(ActitimeLogin2.java:43)
at TestPractice.ActitimeLogin2.cleanUp1(ActitimeLogin2.java:43)
at TestPractice.ActitimeLogin2.cleanUp1(ActitimeLogin2.java:43)
at TestPractice.ActitimeLogin2.cleanUp1(ActitimeLogin2.java:43)
at TestPractice.ActitimeLogin2.cleanUp1(ActitimeLogin2.java:43)
at TestPractice.ActitimeLogin2.cleanUp1(ActitimeLogin2.java:43)
at TestPractice.ActitimeLogin2.cleanUp1(ActitimeLogin2.java:43)
at TestPractice.ActitimeLogin2.cleanUp1(ActitimeLogin2.java:43)
at TestPractice.ActitimeLogin2.cleanUp1(ActitimeLogin2.java:43)
at TestPractice.ActitimeLogin2.cleanUp1(ActitimeLogin2.java:43)
at TestPractice.ActitimeLogin2.cleanUp1(ActitimeLogin2.java:43)
at TestPractice.ActitimeLogin2.cleanUp1(ActitimeLogin2.java:43)
at TestPractice.ActitimeLogin2.cleanUp1(ActitimeLogin2.java:43)
at TestPractice.ActitimeLogin2.cleanUp1(ActitimeLogin2.java:43)
at TestPractice.ActitimeLogin2.cleanUp1(ActitimeLogin2.java:43)
at TestPractice.ActitimeLogin2.cleanUp1(ActitimeLogin2.java:43)
at TestPractice.ActitimeLogin2.cleanUp1(ActitimeLogin2.java:43)
at TestPractice.ActitimeLogin2.cleanUp1(ActitimeLogin2.java:43)
at TestPractice.ActitimeLogin2.cleanUp1(ActitimeLogin2.java:43)
at TestPractice.ActitimeLogin2.cleanUp1(ActitimeLogin2.java:43)
at TestPractice.ActitimeLogin2.cleanUp1(ActitimeLogin2.java:43)
at TestPractice.ActitimeLogin2.cleanUp1(ActitimeLogin2.java:43)
at TestPractice.ActitimeLogin2.cleanUp1(ActitimeLogin2.java:43)
at TestPractice.ActitimeLogin2.cleanUp1(ActitimeLogin2.java:43)
at TestPractice.ActitimeLogin2.cleanUp1(ActitimeLogin2.java:43)
at TestPractice.ActitimeLogin2.cleanUp1(ActitimeLogin2.java:43)
at TestPractice.ActitimeLogin2.cleanUp1(ActitimeLogin2.java:43)
at TestPractice.ActitimeLogin2.cleanUp1(ActitimeLogin2.java:43)
at TestPractice.ActitimeLogin2.cleanUp1(ActitimeLogin2.java:43)
at TestPractice.ActitimeLogin2.cleanUp1(ActitimeLogin2.java:43)
at TestPractice.ActitimeLogin2.cleanUp1(ActitimeLogin2.java:43)
at TestPractice.ActitimeLogin2.cleanUp1(ActitimeLogin2.java:43)
at TestPractice.ActitimeLogin2.cleanUp1(ActitimeLogin2.java:43)
at TestPractice.ActitimeLogin2.cleanUp1(ActitimeLogin2.java:43)
at TestPractice.ActitimeLogin2.cleanUp1(ActitimeLogin2.java:43)
at TestPractice.ActitimeLogin2.cleanUp1(ActitimeLogin2.java:43)
at TestPractice.ActitimeLogin2.cleanUp1(ActitimeLogin2.java:43)
at TestPractice.ActitimeLogin2.cleanUp1(ActitimeLogin2.java:43)
at TestPractice.ActitimeLogin2.cleanUp1(ActitimeLogin2.java:43)
at TestPractice.ActitimeLogin2.cleanUp1(ActitimeLogin2.java:43)
at TestPractice.ActitimeLogin2.cleanUp1(ActitimeLogin2.java:43)
at TestPractice.ActitimeLogin2.cleanUp1(ActitimeLogin2.java:43)
at TestPractice.ActitimeLogin2.cleanUp1(ActitimeLogin2.java:43)
at TestPractice.ActitimeLogin2.cleanUp1(ActitimeLogin2.java:43)
at TestPractice.ActitimeLogin2.cleanUp1(ActitimeLogin2.java:43)
at TestPractice.ActitimeLogin2.cleanUp1(ActitimeLogin2.java:43)
at TestPractice.ActitimeLogin2.cleanUp1(ActitimeLogin2.java:43)
at TestPractice.ActitimeLogin2.cleanUp1(ActitimeLogin2.java:43)
at TestPractice.ActitimeLogin2.cleanUp1(ActitimeLogin2.java:43)
at TestPractice.ActitimeLogin2.cleanUp1(ActitimeLogin2.java:43)
at TestPractice.ActitimeLogin2.cleanUp1(ActitimeLogin2.java:43)
at TestPractice.ActitimeLogin2.cleanUp1(ActitimeLogin2.java:43)
at TestPractice.ActitimeLogin2.cleanUp1(ActitimeLogin2.java:43)
at TestPractice.ActitimeLogin2.cleanUp1(ActitimeLogin2.java:43)
at TestPractice.ActitimeLogin2.cleanUp1(ActitimeLogin2.java:43)
at TestPractice.ActitimeLogin2.cleanUp1(ActitimeLogin2.java:43)
at TestPractice.ActitimeLogin2.cleanUp1(ActitimeLogin2.java:43)
at TestPractice.ActitimeLogin2.cleanUp1(ActitimeLogin2.java:43)
at TestPractice.ActitimeLogin2.cleanUp1(ActitimeLogin2.java:43)
at TestPractice.ActitimeLogin2.cleanUp1(ActitimeLogin2.java:43)
at TestPractice.ActitimeLogin2.cleanUp1(ActitimeLogin2.java:43)
at TestPractice.ActitimeLogin2.cleanUp1(ActitimeLogin2.java:43)
at TestPractice.ActitimeLogin2.cleanUp1(ActitimeLogin2.java:43)
at TestPractice.ActitimeLogin2.cleanUp1(ActitimeLogin2.java:43)
at TestPractice.ActitimeLogin2.cleanUp1(ActitimeLogin2.java:43)
at TestPractice.ActitimeLogin2.cleanUp1(ActitimeLogin2.java:43)
at TestPractice.ActitimeLogin2.cleanUp1(ActitimeLogin2.java:43)
at TestPractice.ActitimeLogin2.cleanUp1(ActitimeLogin2.java:43)
at TestPractice.ActitimeLogin2.cleanUp1(ActitimeLogin2.java:43)
at TestPractice.ActitimeLogin2.cleanUp1(ActitimeLogin2.java:43)
at TestPractice.ActitimeLogin2.cleanUp1(ActitimeLogin2.java:43)
at TestPractice.ActitimeLogin2.cleanUp1(ActitimeLogin2.java:43)
at TestPractice.ActitimeLogin2.cleanUp1(ActitimeLogin2.java:43)
at TestPractice.ActitimeLogin2.cleanUp1(ActitimeLogin2.java:43)
at TestPractice.ActitimeLogin2.cleanUp1(ActitimeLogin2.java:43)
at TestPractice.ActitimeLogin2.cleanUp1(ActitimeLogin2.java:43)
at TestPractice.ActitimeLogin2.cleanUp1(ActitimeLogin2.java:43)
at TestPractice.ActitimeLogin2.cleanUp1(ActitimeLogin2.java:43)
at TestPractice.ActitimeLogin2.cleanUp1(ActitimeLogin2.java:43)
at TestPractice.ActitimeLogin2.cleanUp1(ActitimeLogin2.java:43)
at TestPractice.ActitimeLogin2.cleanUp1(ActitimeLogin2.java:43)
at TestPractice.ActitimeLogin2.cleanUp1(ActitimeLogin2.java:43)
at TestPractice.ActitimeLogin2.cleanUp1(ActitimeLogin2.java:43)
at TestPractice.ActitimeLogin2.cleanUp1(ActitimeLogin2.java:43)
at TestPractice.ActitimeLogin2.cleanUp1(ActitimeLogin2.java:43)
at TestPractice.ActitimeLogin2.cleanUp1(ActitimeLogin2.java:43)
at TestPractice.ActitimeLogin2.cleanUp1(ActitimeLogin2.java:43)
at TestPractice.ActitimeLogin2.cleanUp1(ActitimeLogin2.java:43)
at TestPractice.ActitimeLogin2.cleanUp1(ActitimeLogin2.java:43)
at TestPractice.ActitimeLogin2.cleanUp1(ActitimeLogin2.java:43)
at TestPractice.ActitimeLogin2.cleanUp1(ActitimeLogin2.java:43)
at TestPractice.ActitimeLogin2.cleanUp1(ActitimeLogin2.java:43)
at TestPractice.ActitimeLogin2.cleanUp1(ActitimeLogin2.java:43)
at TestPractice.ActitimeLogin2.cleanUp1(ActitimeLogin2.java:43)
at TestPractice.ActitimeLogin2.cleanUp1(ActitimeLogin2.java:43)
at TestPractice.ActitimeLogin2.cleanUp1(ActitimeLogin2.java:43)
at TestPractice.ActitimeLogin2.cleanUp1(ActitimeLogin2.java:43)
at TestPractice.ActitimeLogin2.cleanUp1(ActitimeLogin2.java:43)
at TestPractice.ActitimeLogin2.cleanUp1(ActitimeLogin2.java:43)
at TestPractice.ActitimeLogin2.cleanUp1(ActitimeLogin2.java:43)
at TestPractice.ActitimeLogin2.cleanUp1(ActitimeLogin2.java:43)
at TestPractice.ActitimeLogin2.cleanUp1(ActitimeLogin2.java:43)
at TestPractice.ActitimeLogin2.cleanUp1(ActitimeLogin2.java:43)
at TestPractice.ActitimeLogin2.cleanUp1(ActitimeLogin2.java:43)
at TestPractice.ActitimeLogin2.cleanUp1(ActitimeLogin2.java:43)
at TestPractice.ActitimeLogin2.cleanUp1(ActitimeLogin2.java:43)
at TestPractice.ActitimeLogin2.cleanUp1(ActitimeLogin2.java:43)
at TestPractice.ActitimeLogin2.cleanUp1(ActitimeLogin2.java:43)
at TestPractice.ActitimeLogin2.cleanUp1(ActitimeLogin2.java:43)
at TestPractice.ActitimeLogin2.cleanUp1(ActitimeLogin2.java:43)
at TestPractice.ActitimeLogin2.cleanUp1(ActitimeLogin2.java:43)
at TestPractice.ActitimeLogin2.cleanUp1(ActitimeLogin2.java:43)
at TestPractice.ActitimeLogin2.cleanUp1(ActitimeLogin2.java:43)
at TestPractice.ActitimeLogin2.cleanUp1(ActitimeLogin2.java:43)
at TestPractice.ActitimeLogin2.cleanUp1(ActitimeLogin2.java:43)
at TestPractice.ActitimeLogin2.cleanUp1(ActitimeLogin2.java:43)
at TestPractice.ActitimeLogin2.cleanUp1(ActitimeLogin2.java:43)
at TestPractice.ActitimeLogin2.cleanUp1(ActitimeLogin2.java:43)
at TestPractice.ActitimeLogin2.cleanUp1(ActitimeLogin2.java:43)
at TestPractice.ActitimeLogin2.cleanUp1(ActitimeLogin2.java:43)
at TestPractice.ActitimeLogin2.cleanUp1(ActitimeLogin2.java:43)
at TestPractice.ActitimeLogin2.cleanUp1(ActitimeLogin2.java:43)
at TestPractice.ActitimeLogin2.cleanUp1(ActitimeLogin2.java:43)
at TestPractice.ActitimeLogin2.cleanUp1(ActitimeLogin2.java:43)
at TestPractice.ActitimeLogin2.cleanUp1(ActitimeLogin2.java:43)
at TestPractice.ActitimeLogin2.cleanUp1(ActitimeLogin2.java:43)
at TestPractice.ActitimeLogin2.cleanUp1(ActitimeLogin2.java:43)
at TestPractice.ActitimeLogin2.cleanUp1(ActitimeLogin2.java:43)
at TestPractice.ActitimeLogin2.cleanUp1(ActitimeLogin2.java:43)
at TestPractice.ActitimeLogin2.cleanUp1(ActitimeLogin2.java:43)
at TestPractice.ActitimeLogin2.cleanUp1(ActitimeLogin2.java:43)
at TestPractice.ActitimeLogin2.cleanUp1(ActitimeLogin2.java:43)
at TestPractice.ActitimeLogin2.cleanUp1(ActitimeLogin2.java:43)
at TestPractice.ActitimeLogin2.cleanUp1(ActitimeLogin2.java:43)
at TestPractice.ActitimeLogin2.cleanUp1(ActitimeLogin2.java:43)
at TestPractice.ActitimeLogin2.cleanUp1(ActitimeLogin2.java:43)
at TestPractice.ActitimeLogin2.cleanUp1(ActitimeLogin2.java:43)
at TestPractice.ActitimeLogin2.cleanUp1(ActitimeLogin2.java:43)
at TestPractice.ActitimeLogin2.cleanUp1(ActitimeLogin2.java:43)
at TestPractice.ActitimeLogin2.cleanUp1(ActitimeLogin2.java:43)
at TestPractice.ActitimeLogin2.cleanUp1(ActitimeLogin2.java:43)
at TestPractice.ActitimeLogin2.cleanUp1(ActitimeLogin2.java:43)
at TestPractice.ActitimeLogin2.cleanUp1(ActitimeLogin2.java:43)
at TestPractice.ActitimeLogin2.cleanUp1(ActitimeLogin2.java:43)
at TestPractice.ActitimeLogin2.cleanUp1(ActitimeLogin2.java:43)
at TestPractice.ActitimeLogin2.cleanUp1(ActitimeLogin2.java:43)
at TestPractice.ActitimeLogin2.cleanUp1(ActitimeLogin2.java:43)
at TestPractice.ActitimeLogin2.cleanUp1(ActitimeLogin2.java:43)
at TestPractice.ActitimeLogin2.cleanUp1(ActitimeLogin2.java:43)
at TestPractice.ActitimeLogin2.cleanUp1(ActitimeLogin2.java:43)
at TestPractice.ActitimeLogin2.cleanUp1(ActitimeLogin2.java:43)
at TestPractice.ActitimeLogin2.cleanUp1(ActitimeLogin2.java:43)
at TestPractice.ActitimeLogin2.cleanUp1(ActitimeLogin2.java:43)
at TestPractice.ActitimeLogin2.cleanUp1(ActitimeLogin2.java:43)
at TestPractice.ActitimeLogin2.cleanUp1(ActitimeLogin2.java:43)
at TestPractice.ActitimeLogin2.cleanUp1(ActitimeLogin2.java:43)
at TestPractice.ActitimeLogin2.cleanUp1(ActitimeLogin2.java:43)
at TestPractice.ActitimeLogin2.cleanUp1(ActitimeLogin2.java:43)
at TestPractice.ActitimeLogin2.cleanUp1(ActitimeLogin2.java:43)
at TestPractice.ActitimeLogin2.cleanUp1(ActitimeLogin2.java:43)
at TestPractice.ActitimeLogin2.cleanUp1(ActitimeLogin2.java:43)
at TestPractice.ActitimeLogin2.cleanUp1(ActitimeLogin2.java:43)
at TestPractice.ActitimeLogin2.cleanUp1(ActitimeLogin2.java:43)
at TestPractice.ActitimeLogin2.cleanUp1(ActitimeLogin2.java:43)
at TestPractice.ActitimeLogin2.cleanUp1(ActitimeLogin2.java:43)
at TestPractice.ActitimeLogin2.cleanUp1(ActitimeLogin2.java:43)
at TestPractice.ActitimeLogin2.cleanUp1(ActitimeLogin2.java:43)
at TestPractice.ActitimeLogin2.cleanUp1(ActitimeLogin2.java:43)
at TestPractice.ActitimeLogin2.cleanUp1(ActitimeLogin2.java:43)
at TestPractice.ActitimeLogin2.cleanUp1(ActitimeLogin2.java:43)
at TestPractice.ActitimeLogin2.cleanUp1(ActitimeLogin2.java:43)
at TestPractice.ActitimeLogin2.cleanUp1(ActitimeLogin2.java:43)
at TestPractice.ActitimeLogin2.cleanUp1(ActitimeLogin2.java:43)
at TestPractice.ActitimeLogin2.cleanUp1(ActitimeLogin2.java:43)
at TestPractice.ActitimeLogin2.cleanUp1(ActitimeLogin2.java:43)
at TestPractice.ActitimeLogin2.cleanUp1(ActitimeLogin2.java:43)
at TestPractice.ActitimeLogin2.cleanUp1(ActitimeLogin2.java:43)
at TestPractice.ActitimeLogin2.cleanUp1(ActitimeLogin2.java:43)
at TestPractice.ActitimeLogin2.cleanUp1(ActitimeLogin2.java:43)
at TestPractice.ActitimeLogin2.cleanUp1(ActitimeLogin2.java:43)
at TestPractice.ActitimeLogin2.cleanUp1(ActitimeLogin2.java:43)
at TestPractice.ActitimeLogin2.cleanUp1(ActitimeLogin2.java:43)
at TestPractice.ActitimeLogin2.cleanUp1(ActitimeLogin2.java:43)
at TestPractice.ActitimeLogin2.cleanUp1(ActitimeLogin2.java:43)
at TestPractice.ActitimeLogin2.cleanUp1(ActitimeLogin2.java:43)
at TestPractice.ActitimeLogin2.cleanUp1(ActitimeLogin2.java:43)
at TestPractice.ActitimeLogin2.cleanUp1(ActitimeLogin2.java:43)
at TestPractice.ActitimeLogin2.cleanUp1(ActitimeLogin2.java:43)
at TestPractice.ActitimeLogin2.cleanUp1(ActitimeLogin2.java:43)
at TestPractice.ActitimeLogin2.cleanUp1(ActitimeLogin2.java:43)
at TestPractice.ActitimeLogin2.cleanUp1(ActitimeLogin2.java:43)
at TestPractice.ActitimeLogin2.cleanUp1(ActitimeLogin2.java:43)
at TestPractice.ActitimeLogin2.cleanUp1(ActitimeLogin2.java:43)
at TestPractice.ActitimeLogin2.cleanUp1(ActitimeLogin2.java:43)
at TestPractice.ActitimeLogin2.cleanUp1(ActitimeLogin2.java:43)
at TestPractice.ActitimeLogin2.cleanUp1(ActitimeLogin2.java:43)
at TestPractice.ActitimeLogin2.cleanUp1(ActitimeLogin2.java:43)
at TestPractice.ActitimeLogin2.cleanUp1(ActitimeLogin2.java:43)
at TestPractice.ActitimeLogin2.cleanUp1(ActitimeLogin2.java:43)
at TestPractice.ActitimeLogin2.cleanUp1(ActitimeLogin2.java:43)
at TestPractice.ActitimeLogin2.cleanUp1(ActitimeLogin2.java:43)
at TestPractice.ActitimeLogin2.cleanUp1(ActitimeLogin2.java:43)
at TestPractice.ActitimeLogin2.cleanUp1(ActitimeLogin2.java:43)
at TestPractice.ActitimeLogin2.cleanUp1(ActitimeLogin2.java:43)
at TestPractice.ActitimeLogin2.cleanUp1(ActitimeLogin2.java:43)
at TestPractice.ActitimeLogin2.cleanUp1(ActitimeLogin2.java:43)
at TestPractice.ActitimeLogin2.cleanUp1(ActitimeLogin2.java:43)
at TestPractice.ActitimeLogin2.cleanUp1(ActitimeLogin2.java:43)
at TestPractice.ActitimeLogin2.cleanUp1(ActitimeLogin2.java:43)
at TestPractice.ActitimeLogin2.cleanUp1(ActitimeLogin2.java:43)
at TestPractice.ActitimeLogin2.cleanUp1(ActitimeLogin2.java:43)
at TestPractice.ActitimeLogin2.cleanUp1(ActitimeLogin2.java:43)
at TestPractice.ActitimeLogin2.cleanUp1(ActitimeLogin2.java:43)
at TestPractice.ActitimeLogin2.cleanUp1(ActitimeLogin2.java:43)
at TestPractice.ActitimeLogin2.cleanUp1(ActitimeLogin2.java:43)
at TestPractice.ActitimeLogin2.cleanUp1(ActitimeLogin2.java:43)
at TestPractice.ActitimeLogin2.cleanUp1(ActitimeLogin2.java:43)
at TestPractice.ActitimeLogin2.cleanUp1(ActitimeLogin2.java:43)
at TestPractice.ActitimeLogin2.cleanUp1(ActitimeLogin2.java:43)
at TestPractice.ActitimeLogin2.cleanUp1(ActitimeLogin2.java:43)
at TestPractice.ActitimeLogin2.cleanUp1(ActitimeLogin2.java:43)
at TestPractice.ActitimeLogin2.cleanUp1(ActitimeLogin2.java:43)
at TestPractice.ActitimeLogin2.cleanUp1(ActitimeLogin2.java:43)
at TestPractice.ActitimeLogin2.cleanUp1(ActitimeLogin2.java:43)
at TestPractice.ActitimeLogin2.cleanUp1(ActitimeLogin2.java:43)
at TestPractice.ActitimeLogin2.cleanUp1(ActitimeLogin2.java:43)
at TestPractice.ActitimeLogin2.cleanUp1(ActitimeLogin2.java:43)
at TestPractice.ActitimeLogin2.cleanUp1(ActitimeLogin2.java:43)
at TestPractice.ActitimeLogin2.cleanUp1(ActitimeLogin2.java:43)
at TestPractice.ActitimeLogin2.cleanUp1(ActitimeLogin2.java:43)
at TestPractice.ActitimeLogin2.cleanUp1(ActitimeLogin2.java:43)
at TestPractice.ActitimeLogin2.cleanUp1(ActitimeLogin2.java:43)
at TestPractice.ActitimeLogin2.cleanUp1(ActitimeLogin2.java:43)
at TestPractice.ActitimeLogin2.cleanUp1(ActitimeLogin2.java:43)
at TestPractice.ActitimeLogin2.cleanUp1(ActitimeLogin2.java:43)
at TestPractice.ActitimeLogin2.cleanUp1(ActitimeLogin2.java:43)
at TestPractice.ActitimeLogin2.cleanUp1(ActitimeLogin2.java:43)
at TestPractice.ActitimeLogin2.cleanUp1(ActitimeLogin2.java:43)
at TestPractice.ActitimeLogin2.cleanUp1(ActitimeLogin2.java:43)
at TestPractice.ActitimeLogin2.cleanUp1(ActitimeLogin2.java:43)
at TestPractice.ActitimeLogin2.cleanUp1(ActitimeLogin2.java:43)
at TestPractice.ActitimeLogin2.cleanUp1(ActitimeLogin2.java:43)
at TestPractice.ActitimeLogin2.cleanUp1(ActitimeLogin2.java:43)
at TestPractice.ActitimeLogin2.cleanUp1(ActitimeLogin2.java:43)
at TestPractice.ActitimeLogin2.cleanUp1(ActitimeLogin2.java:43)
at TestPractice.ActitimeLogin2.cleanUp1(ActitimeLogin2.java:43)
at TestPractice.ActitimeLogin2.cleanUp1(ActitimeLogin2.java:43)
at TestPractice.ActitimeLogin2.cleanUp1(ActitimeLogin2.java:43)
at TestPractice.ActitimeLogin2.cleanUp1(ActitimeLogin2.java:43)
at TestPractice.ActitimeLogin2.cleanUp1(ActitimeLogin2.java:43)
at TestPractice.ActitimeLogin2.cleanUp1(ActitimeLogin2.java:43)
at TestPractice.ActitimeLogin2.cleanUp1(ActitimeLogin2.java:43)
at TestPractice.ActitimeLogin2.cleanUp1(ActitimeLogin2.java:43)
at TestPractice.ActitimeLogin2.cleanUp1(ActitimeLogin2.java:43)
at TestPractice.ActitimeLogin2.cleanUp1(ActitimeLogin2.java:43)
at TestPractice.ActitimeLogin2.cleanUp1(ActitimeLogin2.java:43)
at TestPractice.ActitimeLogin2.cleanUp1(ActitimeLogin2.java:43)
at TestPractice.ActitimeLogin2.cleanUp1(ActitimeLogin2.java:43)
at TestPractice.ActitimeLogin2.cleanUp1(ActitimeLogin2.java:43)
at TestPractice.ActitimeLogin2.cleanUp1(ActitimeLogin2.java:43)
at TestPractice.ActitimeLogin2.cleanUp1(ActitimeLogin2.java:43)
at TestPractice.ActitimeLogin2.cleanUp1(ActitimeLogin2.java:43)
at TestPractice.ActitimeLogin2.cleanUp1(ActitimeLogin2.java:43)
at TestPractice.ActitimeLogin2.cleanUp1(ActitimeLogin2.java:43)
at TestPractice.ActitimeLogin2.cleanUp1(ActitimeLogin2.java:43)
at TestPractice.ActitimeLogin2.cleanUp1(ActitimeLogin2.java:43)
at TestPractice.ActitimeLogin2.cleanUp1(ActitimeLogin2.java:43)
at TestPractice.ActitimeLogin2.cleanUp1(ActitimeLogin2.java:43)
at TestPractice.ActitimeLogin2.cleanUp1(ActitimeLogin2.java:43)
at TestPractice.ActitimeLogin2.cleanUp1(ActitimeLogin2.java:43)
at TestPractice.ActitimeLogin2.cleanUp1(ActitimeLogin2.java:43)
at TestPractice.ActitimeLogin2.cleanUp1(ActitimeLogin2.java:43)
at TestPractice.ActitimeLogin2.cleanUp1(ActitimeLogin2.java:43)
at TestPractice.ActitimeLogin2.cleanUp1(ActitimeLogin2.java:43)
at TestPractice.ActitimeLogin2.cleanUp1(ActitimeLogin2.java:43)
at TestPractice.ActitimeLogin2.cleanUp1(ActitimeLogin2.java:43)
at TestPractice.ActitimeLogin2.cleanUp1(ActitimeLogin2.java:43)
at TestPractice.ActitimeLogin2.cleanUp1(ActitimeLogin2.java:43)
at TestPractice.ActitimeLogin2.cleanUp1(ActitimeLogin2.java:43)
at TestPractice.ActitimeLogin2.cleanUp1(ActitimeLogin2.java:43)
at TestPractice.ActitimeLogin2.cleanUp1(ActitimeLogin2.java:43)
at TestPractice.ActitimeLogin2.cleanUp1(ActitimeLogin2.java:43)
at TestPractice.ActitimeLogin2.cleanUp1(ActitimeLogin2.java:43)
at TestPractice.ActitimeLogin2.cleanUp1(ActitimeLogin2.java:43)
at TestPractice.ActitimeLogin2.cleanUp1(ActitimeLogin2.java:43)
at TestPractice.ActitimeLogin2.cleanUp1(ActitimeLogin2.java:43)
at TestPractice.ActitimeLogin2.cleanUp1(ActitimeLogin2.java:43)
at TestPractice.ActitimeLogin2.cleanUp1(ActitimeLogin2.java:43)
at TestPractice.ActitimeLogin2.cleanUp1(ActitimeLogin2.java:43)
at TestPractice.ActitimeLogin2.cleanUp1(ActitimeLogin2.java:43)
at TestPractice.ActitimeLogin2.cleanUp1(ActitimeLogin2.java:43)
at TestPractice.ActitimeLogin2.cleanUp1(ActitimeLogin2.java:43)
at TestPractice.ActitimeLogin2.cleanUp1(ActitimeLogin2.java:43)
at TestPractice.ActitimeLogin2.cleanUp1(ActitimeLogin2.java:43)
at TestPractice.ActitimeLogin2.cleanUp1(ActitimeLogin2.java:43)
at TestPractice.ActitimeLogin2.cleanUp1(ActitimeLogin2.java:43)
at TestPractice.ActitimeLogin2.cleanUp1(ActitimeLogin2.java:43)
at TestPractice.ActitimeLogin2.cleanUp1(ActitimeLogin2.java:43)
at TestPractice.ActitimeLogin2.cleanUp1(ActitimeLogin2.java:43)
at TestPractice.ActitimeLogin2.cleanUp1(ActitimeLogin2.java:43)
at TestPractice.ActitimeLogin2.cleanUp1(ActitimeLogin2.java:43)
at TestPractice.ActitimeLogin2.cleanUp1(ActitimeLogin2.java:43)
at TestPractice.ActitimeLogin2.cleanUp1(ActitimeLogin2.java:43)
at TestPractice.ActitimeLogin2.cleanUp1(ActitimeLogin2.java:43)
at TestPractice.ActitimeLogin2.cleanUp1(ActitimeLogin2.java:43)
at TestPractice.ActitimeLogin2.cleanUp1(ActitimeLogin2.java:43)
at TestPractice.ActitimeLogin2.cleanUp1(ActitimeLogin2.java:43)
at TestPractice.ActitimeLogin2.cleanUp1(ActitimeLogin2.java:43)
at TestPractice.ActitimeLogin2.cleanUp1(ActitimeLogin2.java:43)
at TestPractice.ActitimeLogin2.cleanUp1(ActitimeLogin2.java:43)
at TestPractice.ActitimeLogin2.cleanUp1(ActitimeLogin2.java:43)
at TestPractice.ActitimeLogin2.cleanUp1(ActitimeLogin2.java:43)
at TestPractice.ActitimeLogin2.cleanUp1(ActitimeLogin2.java:43)
at TestPractice.ActitimeLogin2.cleanUp1(ActitimeLogin2.java:43)
at TestPractice.ActitimeLogin2.cleanUp1(ActitimeLogin2.java:43)
at TestPractice.ActitimeLogin2.cleanUp1(ActitimeLogin2.java:43)
at TestPractice.ActitimeLogin2.cleanUp1(ActitimeLogin2.java:43)
at TestPractice.ActitimeLogin2.cleanUp1(ActitimeLogin2.java:43)
at TestPractice.ActitimeLogin2.cleanUp1(ActitimeLogin2.java:43)
at TestPractice.ActitimeLogin2.cleanUp1(ActitimeLogin2.java:43)
at TestPractice.ActitimeLogin2.cleanUp1(ActitimeLogin2.java:43)
at TestPractice.ActitimeLogin2.cleanUp1(ActitimeLogin2.java:43)
at TestPractice.ActitimeLogin2.cleanUp1(ActitimeLogin2.java:43)
at TestPractice.ActitimeLogin2.cleanUp1(ActitimeLogin2.java:43)
at TestPractice.ActitimeLogin2.cleanUp1(ActitimeLogin2.java:43)
at TestPractice.ActitimeLogin2.cleanUp1(ActitimeLogin2.java:43)
at TestPractice.ActitimeLogin2.cleanUp1(ActitimeLogin2.java:43)
at TestPractice.ActitimeLogin2.cleanUp1(ActitimeLogin2.java:43)
at TestPractice.ActitimeLogin2.cleanUp1(ActitimeLogin2.java:43)
at TestPractice.ActitimeLogin2.cleanUp1(ActitimeLogin2.java:43)
at TestPractice.ActitimeLogin2.cleanUp1(ActitimeLogin2.java:43)
at TestPractice.ActitimeLogin2.cleanUp1(ActitimeLogin2.java:43)
at TestPractice.ActitimeLogin2.cleanUp1(ActitimeLogin2.java:43)
at TestPractice.ActitimeLogin2.cleanUp1(ActitimeLogin2.java:43)
at TestPractice.ActitimeLogin2.cleanUp1(ActitimeLogin2.java:43)
at TestPractice.ActitimeLogin2.cleanUp1(ActitimeLogin2.java:43)
at TestPractice.ActitimeLogin2.cleanUp1(ActitimeLogin2.java:43)
at TestPractice.ActitimeLogin2.cleanUp1(ActitimeLogin2.java:43)
at TestPractice.ActitimeLogin2.cleanUp1(ActitimeLogin2.java:43)
at TestPractice.ActitimeLogin2.cleanUp1(ActitimeLogin2.java:43)
at TestPractice.ActitimeLogin2.cleanUp1(ActitimeLogin2.java:43)
at TestPractice.ActitimeLogin2.cleanUp1(ActitimeLogin2.java:43)
at TestPractice.ActitimeLogin2.cleanUp1(ActitimeLogin2.java:43)
at TestPractice.ActitimeLogin2.cleanUp1(ActitimeLogin2.java:43)
at TestPractice.ActitimeLogin2.cleanUp1(ActitimeLogin2.java:43)
at TestPractice.ActitimeLogin2.cleanUp1(ActitimeLogin2.java:43)
at TestPractice.ActitimeLogin2.cleanUp1(ActitimeLogin2.java:43)
at TestPractice.ActitimeLogin2.cleanUp1(ActitimeLogin2.java:43)
at TestPractice.ActitimeLogin2.cleanUp1(ActitimeLogin2.java:43)
at TestPractice.ActitimeLogin2.cleanUp1(ActitimeLogin2.java:43)
at TestPractice.ActitimeLogin2.cleanUp1(ActitimeLogin2.java:43)
at TestPractice.ActitimeLogin2.cleanUp1(ActitimeLogin2.java:43)
at TestPractice.ActitimeLogin2.cleanUp1(ActitimeLogin2.java:43)
at TestPractice.ActitimeLogin2.cleanUp1(ActitimeLogin2.java:43)
at TestPractice.ActitimeLogin2.cleanUp1(ActitimeLogin2.java:43)
at TestPractice.ActitimeLogin2.cleanUp1(ActitimeLogin2.java:43)
at TestPractice.ActitimeLogin2.cleanUp1(ActitimeLogin2.java:43)
at TestPractice.ActitimeLogin2.cleanUp1(ActitimeLogin2.java:43)
at TestPractice.ActitimeLogin2.cleanUp1(ActitimeLogin2.java:43)
at TestPractice.ActitimeLogin2.cleanUp1(ActitimeLogin2.java:43)
at TestPractice.ActitimeLogin2.cleanUp1(ActitimeLogin2.java:43)
at TestPractice.ActitimeLogin2.cleanUp1(ActitimeLogin2.java:43)
at TestPractice.ActitimeLogin2.cleanUp1(ActitimeLogin2.java:43)
at TestPractice.ActitimeLogin2.cleanUp1(ActitimeLogin2.java:43)
at TestPractice.ActitimeLogin2.cleanUp1(ActitimeLogin2.java:43)
at TestPractice.ActitimeLogin2.cleanUp1(ActitimeLogin2.java:43)
at TestPractice.ActitimeLogin2.cleanUp1(ActitimeLogin2.java:43)
at TestPractice.ActitimeLogin2.cleanUp1(ActitimeLogin2.java:43)
at TestPractice.ActitimeLogin2.cleanUp1(ActitimeLogin2.java:43)
at TestPractice.ActitimeLogin2.cleanUp1(ActitimeLogin2.java:43)
at TestPractice.ActitimeLogin2.cleanUp1(ActitimeLogin2.java:43)
at TestPractice.ActitimeLogin2.cleanUp1(ActitimeLogin2.java:43)
at TestPractice.ActitimeLogin2.cleanUp1(ActitimeLogin2.java:43)
at TestPractice.ActitimeLogin2.cleanUp1(ActitimeLogin2.java:43)
at TestPractice.ActitimeLogin2.cleanUp1(ActitimeLogin2.java:43)
at TestPractice.ActitimeLogin2.cleanUp1(ActitimeLogin2.java:43)
at TestPractice.ActitimeLogin2.cleanUp1(ActitimeLogin2.java:43)
at TestPractice.ActitimeLogin2.cleanUp1(ActitimeLogin2.java:43)
at TestPractice.ActitimeLogin2.cleanUp1(ActitimeLogin2.java:43)
at TestPractice.ActitimeLogin2.cleanUp1(ActitimeLogin2.java:43)
at TestPractice.ActitimeLogin2.cleanUp1(ActitimeLogin2.java:43)
at TestPractice.ActitimeLogin2.cleanUp1(ActitimeLogin2.java:43)
at TestPractice.ActitimeLogin2.cleanUp1(ActitimeLogin2.java:43)
at TestPractice.ActitimeLogin2.cleanUp1(ActitimeLogin2.java:43)
at TestPractice.ActitimeLogin2.cleanUp1(ActitimeLogin2.java:43)
at TestPractice.ActitimeLogin2.cleanUp1(ActitimeLogin2.java:43)
at TestPractice.ActitimeLogin2.cleanUp1(ActitimeLogin2.java:43)
at TestPractice.ActitimeLogin2.cleanUp1(ActitimeLogin2.java:43)
at TestPractice.ActitimeLogin2.cleanUp1(ActitimeLogin2.java:43)
at TestPractice.ActitimeLogin2.cleanUp1(ActitimeLogin2.java:43)
at TestPractice.ActitimeLogin2.cleanUp1(ActitimeLogin2.java:43)
at TestPractice.ActitimeLogin2.cleanUp1(ActitimeLogin2.java:43)
at TestPractice.ActitimeLogin2.cleanUp1(ActitimeLogin2.java:43)
at TestPractice.ActitimeLogin2.cleanUp1(ActitimeLogin2.java:43)
at TestPractice.ActitimeLogin2.cleanUp1(ActitimeLogin2.java:43)
at TestPractice.ActitimeLogin2.cleanUp1(ActitimeLogin2.java:43)
at TestPractice.ActitimeLogin2.cleanUp1(ActitimeLogin2.java:43)
at TestPractice.ActitimeLogin2.cleanUp1(ActitimeLogin2.java:43)
at TestPractice.ActitimeLogin2.cleanUp1(ActitimeLogin2.java:43)
at TestPractice.ActitimeLogin2.cleanUp1(ActitimeLogin2.java:43)
at TestPractice.ActitimeLogin2.cleanUp1(ActitimeLogin2.java:43)
at TestPractice.ActitimeLogin2.cleanUp1(ActitimeLogin2.java:43)
at TestPractice.ActitimeLogin2.cleanUp1(ActitimeLogin2.java:43)
at TestPractice.ActitimeLogin2.cleanUp1(ActitimeLogin2.java:43)
at TestPractice.ActitimeLogin2.cleanUp1(ActitimeLogin2.java:43)
at TestPractice.ActitimeLogin2.cleanUp1(ActitimeLogin2.java:43)
at TestPractice.ActitimeLogin2.cleanUp1(ActitimeLogin2.java:43)
at TestPractice.ActitimeLogin2.cleanUp1(ActitimeLogin2.java:43)
at TestPractice.ActitimeLogin2.cleanUp1(ActitimeLogin2.java:43)
at TestPractice.ActitimeLogin2.cleanUp1(ActitimeLogin2.java:43)
at TestPractice.ActitimeLogin2.cleanUp1(ActitimeLogin2.java:43)
at TestPractice.ActitimeLogin2.cleanUp1(ActitimeLogin2.java:43)
at TestPractice.ActitimeLogin2.cleanUp1(ActitimeLogin2.java:43)
at TestPractice.ActitimeLogin2.cleanUp1(ActitimeLogin2.java:43)
at TestPractice.ActitimeLogin2.cleanUp1(ActitimeLogin2.java:43)
at TestPractice.ActitimeLogin2.cleanUp1(ActitimeLogin2.java:43)
at TestPractice.ActitimeLogin2.cleanUp1(ActitimeLogin2.java:43)
at TestPractice.ActitimeLogin2.cleanUp1(ActitimeLogin2.java:43)
at TestPractice.ActitimeLogin2.cleanUp1(ActitimeLogin2.java:43)
at TestPractice.ActitimeLogin2.cleanUp1(ActitimeLogin2.java:43)
at TestPractice.ActitimeLogin2.cleanUp1(ActitimeLogin2.java:43)
at TestPractice.ActitimeLogin2.cleanUp1(ActitimeLogin2.java:43)
at TestPractice.ActitimeLogin2.cleanUp1(ActitimeLogin2.java:43)
at TestPractice.ActitimeLogin2.cleanUp1(ActitimeLogin2.java:43)
at TestPractice.ActitimeLogin2.cleanUp1(ActitimeLogin2.java:43)
at TestPractice.ActitimeLogin2.cleanUp1(ActitimeLogin2.java:43)
at TestPractice.ActitimeLogin2.cleanUp1(ActitimeLogin2.java:43)
at TestPractice.ActitimeLogin2.cleanUp1(ActitimeLogin2.java:43)
at TestPractice.ActitimeLogin2.cleanUp1(ActitimeLogin2.java:43)
at TestPractice.ActitimeLogin2.cleanUp1(ActitimeLogin2.java:43)
at TestPractice.ActitimeLogin2.cleanUp1(ActitimeLogin2.java:43)
at TestPractice.ActitimeLogin2.cleanUp1(ActitimeLogin2.java:43)
at TestPractice.ActitimeLogin2.cleanUp1(ActitimeLogin2.java:43)
at TestPractice.ActitimeLogin2.cleanUp1(ActitimeLogin2.java:43)
at TestPractice.ActitimeLogin2.cleanUp1(ActitimeLogin2.java:43)
at TestPractice.ActitimeLogin2.cleanUp1(ActitimeLogin2.java:43)
at TestPractice.ActitimeLogin2.cleanUp1(ActitimeLogin2.java:43)
at TestPractice.ActitimeLogin2.cleanUp1(ActitimeLogin2.java:43)
at TestPractice.ActitimeLogin2.cleanUp1(ActitimeLogin2.java:43)
at TestPractice.ActitimeLogin2.cleanUp1(ActitimeLogin2.java:43)
at TestPractice.ActitimeLogin2.cleanUp1(ActitimeLogin2.java:43)
at TestPractice.ActitimeLogin2.cleanUp1(ActitimeLogin2.java:43)
at TestPractice.ActitimeLogin2.cleanUp1(ActitimeLogin2.java:43)
at TestPractice.ActitimeLogin2.cleanUp1(ActitimeLogin2.java:43)
at TestPractice.ActitimeLogin2.cleanUp1(ActitimeLogin2.java:43)
at TestPractice.ActitimeLogin2.cleanUp1(ActitimeLogin2.java:43)
at TestPractice.ActitimeLogin2.cleanUp1(ActitimeLogin2.java:43)
at TestPractice.ActitimeLogin2.cleanUp1(ActitimeLogin2.java:43)
at TestPractice.ActitimeLogin2.cleanUp1(ActitimeLogin2.java:43)
at TestPractice.ActitimeLogin2.cleanUp1(ActitimeLogin2.java:43)
at TestPractice.ActitimeLogin2.cleanUp1(ActitimeLogin2.java:43)
at TestPractice.ActitimeLogin2.cleanUp1(ActitimeLogin2.java:43)
at TestPractice.ActitimeLogin2.cleanUp1(ActitimeLogin2.java:43)
at TestPractice.ActitimeLogin2.cleanUp1(ActitimeLogin2.java:43)
at TestPractice.ActitimeLogin2.cleanUp1(ActitimeLogin2.java:43)
at TestPractice.ActitimeLogin2.cleanUp1(ActitimeLogin2.java:43)
at TestPractice.ActitimeLogin2.cleanUp1(ActitimeLogin2.java:43)
at TestPractice.ActitimeLogin2.cleanUp1(ActitimeLogin2.java:43)
at TestPractice.ActitimeLogin2.cleanUp1(ActitimeLogin2.java:43)
at TestPractice.ActitimeLogin2.cleanUp1(ActitimeLogin2.java:43)
at TestPractice.ActitimeLogin2.cleanUp1(ActitimeLogin2.java:43)
at TestPractice.ActitimeLogin2.cleanUp1(ActitimeLogin2.java:43)
at TestPractice.ActitimeLogin2.cleanUp1(ActitimeLogin2.java:43)
at TestPractice.ActitimeLogin2.cleanUp1(ActitimeLogin2.java:43)
at TestPractice.ActitimeLogin2.cleanUp1(ActitimeLogin2.java:43)
at TestPractice.ActitimeLogin2.cleanUp1(ActitimeLogin2.java:43)
at TestPractice.ActitimeLogin2.cleanUp1(ActitimeLogin2.java:43)
at TestPractice.ActitimeLogin2.cleanUp1(ActitimeLogin2.java:43)
at TestPractice.ActitimeLogin2.cleanUp1(ActitimeLogin2.java:43)
at TestPractice.ActitimeLogin2.cleanUp1(ActitimeLogin2.java:43)
at TestPractice.ActitimeLogin2.cleanUp1(ActitimeLogin2.java:43)
at TestPractice.ActitimeLogin2.cleanUp1(ActitimeLogin2.java:43)
at TestPractice.ActitimeLogin2.cleanUp1(ActitimeLogin2.java:43)
at TestPractice.ActitimeLogin2.cleanUp1(ActitimeLogin2.java:43)
at TestPractice.ActitimeLogin2.cleanUp1(ActitimeLogin2.java:43)
at TestPractice.ActitimeLogin2.cleanUp1(ActitimeLogin2.java:43)
at TestPractice.ActitimeLogin2.cleanUp1(ActitimeLogin2.java:43)
at TestPractice.ActitimeLogin2.cleanUp1(ActitimeLogin2.java:43)
at TestPractice.ActitimeLogin2.cleanUp1(ActitimeLogin2.java:43)
at TestPractice.ActitimeLogin2.cleanUp1(ActitimeLogin2.java:43)
at TestPractice.ActitimeLogin2.cleanUp1(ActitimeLogin2.java:43)
at TestPractice.ActitimeLogin2.cleanUp1(ActitimeLogin2.java:43)
at TestPractice.ActitimeLogin2.cleanUp1(ActitimeLogin2.java:43)
at TestPractice.ActitimeLogin2.cleanUp1(ActitimeLogin2.java:43)
at TestPractice.ActitimeLogin2.cleanUp1(ActitimeLogin2.java:43)
at TestPractice.ActitimeLogin2.cleanUp1(ActitimeLogin2.java:43)
at TestPractice.ActitimeLogin2.cleanUp1(ActitimeLogin2.java:43)
at TestPractice.ActitimeLogin2.cleanUp1(ActitimeLogin2.java:43)
at TestPractice.ActitimeLogin2.cleanUp1(ActitimeLogin2.java:43)
at TestPractice.ActitimeLogin2.cleanUp1(ActitimeLogin2.java:43)
at TestPractice.ActitimeLogin2.cleanUp1(ActitimeLogin2.java:43)
at TestPractice.ActitimeLogin2.cleanUp1(ActitimeLogin2.java:43)
at TestPractice.ActitimeLogin2.cleanUp1(ActitimeLogin2.java:43)
at TestPractice.ActitimeLogin2.cleanUp1(ActitimeLogin2.java:43)
at TestPractice.ActitimeLogin2.cleanUp1(ActitimeLogin2.java:43)
at TestPractice.ActitimeLogin2.cleanUp1(ActitimeLogin2.java:43)
at TestPractice.ActitimeLogin2.cleanUp1(ActitimeLogin2.java:43)
at TestPractice.ActitimeLogin2.cleanUp1(ActitimeLogin2.java:43)
at TestPractice.ActitimeLogin2.cleanUp1(ActitimeLogin2.java:43)
at TestPractice.ActitimeLogin2.cleanUp1(ActitimeLogin2.java:43)
at TestPractice.ActitimeLogin2.cleanUp1(ActitimeLogin2.java:43)
at TestPractice.ActitimeLogin2.cleanUp1(ActitimeLogin2.java:43)
at TestPractice.ActitimeLogin2.cleanUp1(ActitimeLogin2.java:43)
at TestPractice.ActitimeLogin2.cleanUp1(ActitimeLogin2.java:43)
at TestPractice.ActitimeLogin2.cleanUp1(ActitimeLogin2.java:43)
at TestPractice.ActitimeLogin2.cleanUp1(ActitimeLogin2.java:43)
at TestPractice.ActitimeLogin2.cleanUp1(ActitimeLogin2.java:43)
at TestPractice.ActitimeLogin2.cleanUp1(ActitimeLogin2.java:43)
at TestPractice.ActitimeLogin2.cleanUp1(ActitimeLogin2.java:43)
at TestPractice.ActitimeLogin2.cleanUp1(ActitimeLogin2.java:43)
at TestPractice.ActitimeLogin2.cleanUp1(ActitimeLogin2.java:43)
at TestPractice.ActitimeLogin2.cleanUp1(ActitimeLogin2.java:43)
at TestPractice.ActitimeLogin2.cleanUp1(ActitimeLogin2.java:43)
at TestPractice.ActitimeLogin2.cleanUp1(ActitimeLogin2.java:43)
at TestPractice.ActitimeLogin2.cleanUp1(ActitimeLogin2.java:43)
at TestPractice.ActitimeLogin2.cleanUp1(ActitimeLogin2.java:43)
at TestPractice.ActitimeLogin2.cleanUp1(ActitimeLogin2.java:43)
at TestPractice.ActitimeLogin2.cleanUp1(ActitimeLogin2.java:43)
at TestPractice.ActitimeLogin2.cleanUp1(ActitimeLogin2.java:43)
at TestPractice.ActitimeLogin2.cleanUp1(ActitimeLogin2.java:43)
at TestPractice.ActitimeLogin2.cleanUp1(ActitimeLogin2.java:43)
at TestPractice.ActitimeLogin2.cleanUp1(ActitimeLogin2.java:43)
at TestPractice.ActitimeLogin2.cleanUp1(ActitimeLogin2.java:43)
at TestPractice.ActitimeLogin2.cleanUp1(ActitimeLogin2.java:43)
at TestPractice.ActitimeLogin2.cleanUp1(ActitimeLogin2.java:43)
at TestPractice.ActitimeLogin2.cleanUp1(ActitimeLogin2.java:43)
at TestPractice.ActitimeLogin2.cleanUp1(ActitimeLogin2.java:43)
at TestPractice.ActitimeLogin2.cleanUp1(ActitimeLogin2.java:43)
at TestPractice.ActitimeLogin2.cleanUp1(ActitimeLogin2.java:43)
at TestPractice.ActitimeLogin2.cleanUp1(ActitimeLogin2.java:43)
at TestPractice.ActitimeLogin2.cleanUp1(ActitimeLogin2.java:43)
at TestPractice.ActitimeLogin2.cleanUp1(ActitimeLogin2.java:43)
at TestPractice.ActitimeLogin2.cleanUp1(ActitimeLogin2.java:43)
at TestPractice.ActitimeLogin2.cleanUp1(ActitimeLogin2.java:43)
at TestPractice.ActitimeLogin2.cleanUp1(ActitimeLogin2.java:43)
at TestPractice.ActitimeLogin2.cleanUp1(ActitimeLogin2.java:43)
at TestPractice.ActitimeLogin2.cleanUp1(ActitimeLogin2.java:43)
at TestPractice.ActitimeLogin2.cleanUp1(ActitimeLogin2.java:43)
at TestPractice.ActitimeLogin2.cleanUp1(ActitimeLogin2.java:43)
at TestPractice.ActitimeLogin2.cleanUp1(ActitimeLogin2.java:43)
at TestPractice.ActitimeLogin2.cleanUp1(ActitimeLogin2.java:43)
at TestPractice.ActitimeLogin2.cleanUp1(ActitimeLogin2.java:43)
at TestPractice.ActitimeLogin2.cleanUp1(ActitimeLogin2.java:43)
at TestPractice.ActitimeLogin2.cleanUp1(ActitimeLogin2.java:43)
at TestPractice.ActitimeLogin2.cleanUp1(ActitimeLogin2.java:43)
at TestPractice.ActitimeLogin2.cleanUp1(ActitimeLogin2.java:43)
at TestPractice.ActitimeLogin2.cleanUp1(ActitimeLogin2.java:43)
at TestPractice.ActitimeLogin2.cleanUp1(ActitimeLogin2.java:43)
at TestPractice.ActitimeLogin2.cleanUp1(ActitimeLogin2.java:43)
at TestPractice.ActitimeLogin2.cleanUp1(ActitimeLogin2.java:43)
at TestPractice.ActitimeLogin2.cleanUp1(ActitimeLogin2.java:43)
at TestPractice.ActitimeLogin2.cleanUp1(ActitimeLogin2.java:43)
at TestPractice.ActitimeLogin2.cleanUp1(ActitimeLogin2.java:43)
at TestPractice.ActitimeLogin2.cleanUp1(ActitimeLogin2.java:43)
at TestPractice.ActitimeLogin2.cleanUp1(ActitimeLogin2.java:43)
at TestPractice.ActitimeLogin2.cleanUp1(ActitimeLogin2.java:43)
at TestPractice.ActitimeLogin2.cleanUp1(ActitimeLogin2.java:43)
at TestPractice.ActitimeLogin2.cleanUp1(ActitimeLogin2.java:43)
at TestPractice.ActitimeLogin2.cleanUp1(ActitimeLogin2.java:43)
at TestPractice.ActitimeLogin2.cleanUp1(ActitimeLogin2.java:43)
at TestPractice.ActitimeLogin2.cleanUp1(ActitimeLogin2.java:43)
at TestPractice.ActitimeLogin2.cleanUp1(ActitimeLogin2.java:43)
at TestPractice.ActitimeLogin2.cleanUp1(ActitimeLogin2.java:43)
at TestPractice.ActitimeLogin2.cleanUp1(ActitimeLogin2.java:43)
at TestPractice.ActitimeLogin2.cleanUp1(ActitimeLogin2.java:43)
at TestPractice.ActitimeLogin2.cleanUp1(ActitimeLogin2.java:43)
at TestPractice.ActitimeLogin2.cleanUp1(ActitimeLogin2.java:43)
at TestPractice.ActitimeLogin2.cleanUp1(ActitimeLogin2.java:43)
at TestPractice.ActitimeLogin2.cleanUp1(ActitimeLogin2.java:43)
at TestPractice.ActitimeLogin2.cleanUp1(ActitimeLogin2.java:43)
at TestPractice.ActitimeLogin2.cleanUp1(ActitimeLogin2.java:43)
at TestPractice.ActitimeLogin2.cleanUp1(ActitimeLogin2.java:43)
at TestPractice.ActitimeLogin2.cleanUp1(ActitimeLogin2.java:43)
at TestPractice.ActitimeLogin2.cleanUp1(ActitimeLogin2.java:43)
at TestPractice.ActitimeLogin2.cleanUp1(ActitimeLogin2.java:43)
at TestPractice.ActitimeLogin2.cleanUp1(ActitimeLogin2.java:43)
at TestPractice.ActitimeLogin2.cleanUp1(ActitimeLogin2.java:43)
at TestPractice.ActitimeLogin2.cleanUp1(ActitimeLogin2.java:43)
at TestPractice.ActitimeLogin2.cleanUp1(ActitimeLogin2.java:43)
at TestPractice.ActitimeLogin2.cleanUp1(ActitimeLogin2.java:43)
at TestPractice.ActitimeLogin2.cleanUp1(ActitimeLogin2.java:43)
at TestPractice.ActitimeLogin2.cleanUp1(ActitimeLogin2.java:43)
at TestPractice.ActitimeLogin2.cleanUp1(ActitimeLogin2.java:43)
at TestPractice.ActitimeLogin2.cleanUp1(ActitimeLogin2.java:43)
at TestPractice.ActitimeLogin2.cleanUp1(ActitimeLogin2.java:43)
at TestPractice.ActitimeLogin2.cleanUp1(ActitimeLogin2.java:43)
at TestPractice.ActitimeLogin2.cleanUp1(ActitimeLogin2.java:43)
at TestPractice.ActitimeLogin2.cleanUp1(ActitimeLogin2.java:43)
at TestPractice.ActitimeLogin2.cleanUp1(ActitimeLogin2.java:43)
at TestPractice.ActitimeLogin2.cleanUp1(ActitimeLogin2.java:43)
at TestPractice.ActitimeLogin2.cleanUp1(ActitimeLogin2.java:43)
at TestPractice.ActitimeLogin2.cleanUp1(ActitimeLogin2.java:43)
at TestPractice.ActitimeLogin2.cleanUp1(ActitimeLogin2.java:43)
at TestPractice.ActitimeLogin2.cleanUp1(ActitimeLogin2.java:43)
at TestPractice.ActitimeLogin2.cleanUp1(ActitimeLogin2.java:43)
at TestPractice.ActitimeLogin2.cleanUp1(ActitimeLogin2.java:43)
at TestPractice.ActitimeLogin2.cleanUp1(ActitimeLogin2.java:43)
at TestPractice.ActitimeLogin2.cleanUp1(ActitimeLogin2.java:43)
at TestPractice.ActitimeLogin2.cleanUp1(ActitimeLogin2.java:43)
at TestPractice.ActitimeLogin2.cleanUp1(ActitimeLogin2.java:43)
at TestPractice.ActitimeLogin2.cleanUp1(ActitimeLogin2.java:43)
at TestPractice.ActitimeLogin2.cleanUp1(ActitimeLogin2.java:43)
at TestPractice.ActitimeLogin2.cleanUp1(ActitimeLogin2.java:43)
at TestPractice.ActitimeLogin2.cleanUp1(ActitimeLogin2.java:43)
at TestPractice.ActitimeLogin2.cleanUp1(ActitimeLogin2.java:43)
at TestPractice.ActitimeLogin2.cleanUp1(ActitimeLogin2.java:43)
at TestPractice.ActitimeLogin2.cleanUp1(ActitimeLogin2.java:43)
at TestPractice.ActitimeLogin2.cleanUp1(ActitimeLogin2.java:43)
at TestPractice.ActitimeLogin2.cleanUp1(ActitimeLogin2.java:43)
at TestPractice.ActitimeLogin2.cleanUp1(ActitimeLogin2.java:43)
at TestPractice.ActitimeLogin2.cleanUp1(ActitimeLogin2.java:43)
at TestPractice.ActitimeLogin2.cleanUp1(ActitimeLogin2.java:43)
at TestPractice.ActitimeLogin2.cleanUp1(ActitimeLogin2.java:43)
at TestPractice.ActitimeLogin2.cleanUp1(ActitimeLogin2.java:43)
at TestPractice.ActitimeLogin2.cleanUp1(ActitimeLogin2.java:43)
at TestPractice.ActitimeLogin2.cleanUp1(ActitimeLogin2.java:43)
at TestPractice.ActitimeLogin2.cleanUp1(ActitimeLogin2.java:43)
at TestPractice.ActitimeLogin2.cleanUp1(ActitimeLogin2.java:43)
at TestPractice.ActitimeLogin2.cleanUp1(ActitimeLogin2.java:43)
at TestPractice.ActitimeLogin2.cleanUp1(ActitimeLogin2.java:43)
at TestPractice.ActitimeLogin2.cleanUp1(ActitimeLogin2.java:43)
at TestPractice.ActitimeLogin2.cleanUp1(ActitimeLogin2.java:43)
at TestPractice.ActitimeLogin2.cleanUp1(ActitimeLogin2.java:43)
at TestPractice.ActitimeLogin2.cleanUp1(ActitimeLogin2.java:43)
at TestPractice.ActitimeLogin2.cleanUp1(ActitimeLogin2.java:43)
at TestPractice.ActitimeLogin2.cleanUp1(ActitimeLogin2.java:43)
at TestPractice.ActitimeLogin2.cleanUp1(ActitimeLogin2.java:43)
at TestPractice.ActitimeLogin2.cleanUp1(ActitimeLogin2.java:43)
at TestPractice.ActitimeLogin2.cleanUp1(ActitimeLogin2.java:43)
at TestPractice.ActitimeLogin2.cleanUp1(ActitimeLogin2.java:43)
at TestPractice.ActitimeLogin2.cleanUp1(ActitimeLogin2.java:43)
at TestPractice.ActitimeLogin2.cleanUp1(ActitimeLogin2.java:43)
at TestPractice.ActitimeLogin2.cleanUp1(ActitimeLogin2.java:43)
at TestPractice.ActitimeLogin2.cleanUp1(ActitimeLogin2.java:43)
at TestPractice.ActitimeLogin2.cleanUp1(ActitimeLogin2.java:43)
at TestPractice.ActitimeLogin2.cleanUp1(ActitimeLogin2.java:43)
at TestPractice.ActitimeLogin2.cleanUp1(ActitimeLogin2.java:43)
at TestPractice.ActitimeLogin2.cleanUp1(ActitimeLogin2.java:43)
at TestPractice.ActitimeLogin2.cleanUp1(ActitimeLogin2.java:43)
at TestPractice.ActitimeLogin2.cleanUp1(ActitimeLogin2.java:43)
at TestPractice.ActitimeLogin2.cleanUp1(ActitimeLogin2.java:43)
at TestPractice.ActitimeLogin2.cleanUp1(ActitimeLogin2.java:43)
at TestPractice.ActitimeLogin2.cleanUp1(ActitimeLogin2.java:43)
at TestPractice.ActitimeLogin2.cleanUp1(ActitimeLogin2.java:43)
at TestPractice.ActitimeLogin2.cleanUp1(ActitimeLogin2.java:43)
at TestPractice.ActitimeLogin2.cleanUp1(ActitimeLogin2.java:43)
at TestPractice.ActitimeLogin2.cleanUp1(ActitimeLogin2.java:43)
at TestPractice.ActitimeLogin2.cleanUp1(ActitimeLogin2.java:43)
at TestPractice.ActitimeLogin2.cleanUp1(ActitimeLogin2.java:43)
at TestPractice.ActitimeLogin2.cleanUp1(ActitimeLogin2.java:43)
at TestPractice.ActitimeLogin2.cleanUp1(ActitimeLogin2.java:43)
at TestPractice.ActitimeLogin2.cleanUp1(ActitimeLogin2.java:43)
at TestPractice.ActitimeLogin2.cleanUp1(ActitimeLogin2.java:43)
at TestPractice.ActitimeLogin2.cleanUp1(ActitimeLogin2.java:43)
at TestPractice.ActitimeLogin2.cleanUp1(ActitimeLogin2.java:43)
at TestPractice.ActitimeLogin2.cleanUp1(ActitimeLogin2.java:43)
at TestPractice.ActitimeLogin2.cleanUp1(ActitimeLogin2.java:43)
at TestPractice.ActitimeLogin2.cleanUp1(ActitimeLogin2.java:43)
at TestPractice.ActitimeLogin2.cleanUp1(ActitimeLogin2.java:43)
at TestPractice.ActitimeLogin2.cleanUp1(ActitimeLogin2.java:43)
at TestPractice.ActitimeLogin2.cleanUp1(ActitimeLogin2.java:43)
at TestPractice.ActitimeLogin2.cleanUp1(ActitimeLogin2.java:43)
at TestPractice.ActitimeLogin2.cleanUp1(ActitimeLogin2.java:43)
at TestPractice.ActitimeLogin2.cleanUp1(ActitimeLogin2.java:43)
at TestPractice.ActitimeLogin2.cleanUp1(ActitimeLogin2.java:43)
at TestPractice.ActitimeLogin2.cleanUp1(ActitimeLogin2.java:43)
at TestPractice.ActitimeLogin2.cleanUp1(ActitimeLogin2.java:43)
at TestPractice.ActitimeLogin2.cleanUp1(ActitimeLogin2.java:43)
at TestPractice.ActitimeLogin2.cleanUp1(ActitimeLogin2.java:43)
at TestPractice.ActitimeLogin2.cleanUp1(ActitimeLogin2.java:43)
at TestPractice.ActitimeLogin2.cleanUp1(ActitimeLogin2.java:43)
at TestPractice.ActitimeLogin2.cleanUp1(ActitimeLogin2.java:43)
at TestPractice.ActitimeLogin2.cleanUp1(ActitimeLogin2.java:43)
at TestPractice.ActitimeLogin2.cleanUp1(ActitimeLogin2.java:43)
at TestPractice.ActitimeLogin2.cleanUp1(ActitimeLogin2.java:43)
at TestPractice.ActitimeLogin2.cleanUp1(ActitimeLogin2.java:43)
at TestPractice.ActitimeLogin2.cleanUp1(ActitimeLogin2.java:43)
at TestPractice.ActitimeLogin2.cleanUp1(ActitimeLogin2.java:43)
at TestPractice.ActitimeLogin2.cleanUp1(ActitimeLogin2.java:43)
at TestPractice.ActitimeLogin2.cleanUp1(ActitimeLogin2.java:43)
at TestPractice.ActitimeLogin2.cleanUp1(ActitimeLogin2.java:43)
at TestPractice.ActitimeLogin2.cleanUp1(ActitimeLogin2.java:43)
at TestPractice.ActitimeLogin2.cleanUp1(ActitimeLogin2.java:43)
at TestPractice.ActitimeLogin2.cleanUp1(ActitimeLogin2.java:43)
at TestPractice.ActitimeLogin2.cleanUp1(ActitimeLogin2.java:43)
at TestPractice.ActitimeLogin2.cleanUp1(ActitimeLogin2.java:43)
at TestPractice.ActitimeLogin2.cleanUp1(ActitimeLogin2.java:43)
at TestPractice.ActitimeLogin2.cleanUp1(ActitimeLogin2.java:43)
at TestPractice.ActitimeLogin2.cleanUp1(ActitimeLogin2.java:43)
at TestPractice.ActitimeLogin2.cleanUp1(ActitimeLogin2.java:43)
at TestPractice.ActitimeLogin2.cleanUp1(ActitimeLogin2.java:43)
at TestPractice.ActitimeLogin2.cleanUp1(ActitimeLogin2.java:43)
at TestPractice.ActitimeLogin2.cleanUp1(ActitimeLogin2.java:43)
at TestPractice.ActitimeLogin2.cleanUp1(ActitimeLogin2.java:43)
at TestPractice.ActitimeLogin2.cleanUp1(ActitimeLogin2.java:43)
at TestPractice.ActitimeLogin2.cleanUp1(ActitimeLogin2.java:43)
at TestPractice.ActitimeLogin2.cleanUp1(ActitimeLogin2.java:43)
at TestPractice.ActitimeLogin2.cleanUp1(ActitimeLogin2.java:43)
at TestPractice.ActitimeLogin2.cleanUp1(ActitimeLogin2.java:43)
at TestPractice.ActitimeLogin2.cleanUp1(ActitimeLogin2.java:43)
at TestPractice.ActitimeLogin2.cleanUp1(ActitimeLogin2.java:43)
at TestPractice.ActitimeLogin2.cleanUp1(ActitimeLogin2.java:43)
at TestPractice.ActitimeLogin2.cleanUp1(ActitimeLogin2.java:43)
at TestPractice.ActitimeLogin2.cleanUp1(ActitimeLogin2.java:43)
at TestPractice.ActitimeLogin2.cleanUp1(ActitimeLogin2.java:43)
at TestPractice.ActitimeLogin2.cleanUp1(ActitimeLogin2.java:43)
at TestPractice.ActitimeLogin2.cleanUp1(ActitimeLogin2.java:43)
at TestPractice.ActitimeLogin2.cleanUp1(ActitimeLogin2.java:43)
at TestPractice.ActitimeLogin2.cleanUp1(ActitimeLogin2.java:43)
at TestPractice.ActitimeLogin2.cleanUp1(ActitimeLogin2.java:43)
at TestPractice.ActitimeLogin2.cleanUp1(ActitimeLogin2.java:43)
at TestPractice.ActitimeLogin2.cleanUp1(ActitimeLogin2.java:43)
at TestPractice.ActitimeLogin2.cleanUp1(ActitimeLogin2.java:43)
at TestPractice.ActitimeLogin2.cleanUp1(ActitimeLogin2.java:43)
at TestPractice.ActitimeLogin2.cleanUp1(ActitimeLogin2.java:43)
at TestPractice.ActitimeLogin2.cleanUp1(ActitimeLogin2.java:43)
at TestPractice.ActitimeLogin2.cleanUp1(ActitimeLogin2.java:43)
at TestPractice.ActitimeLogin2.cleanUp1(ActitimeLogin2.java:43)
at TestPractice.ActitimeLogin2.cleanUp1(ActitimeLogin2.java:43)
at TestPractice.ActitimeLogin2.cleanUp1(ActitimeLogin2.java:43)
at TestPractice.ActitimeLogin2.cleanUp1(ActitimeLogin2.java:43)
at TestPractice.ActitimeLogin2.cleanUp1(ActitimeLogin2.java:43)
at TestPractice.ActitimeLogin2.cleanUp1(ActitimeLogin2.java:43)
at TestPractice.ActitimeLogin2.cleanUp1(ActitimeLogin2.java:43)
at TestPractice.ActitimeLogin2.cleanUp1(ActitimeLogin2.java:43)
at TestPractice.ActitimeLogin2.cleanUp1(ActitimeLogin2.java:43)
at TestPractice.ActitimeLogin2.cleanUp1(ActitimeLogin2.java:43)
at TestPractice.ActitimeLogin2.cleanUp1(ActitimeLogin2.java:43)
at TestPractice.ActitimeLogin2.cleanUp1(ActitimeLogin2.java:43)
at TestPractice.ActitimeLogin2.cleanUp1(ActitimeLogin2.java:43)
at TestPractice.ActitimeLogin2.cleanUp1(ActitimeLogin2.java:43)
at TestPractice.ActitimeLogin2.cleanUp1(ActitimeLogin2.java:43)
at TestPractice.ActitimeLogin2.cleanUp1(ActitimeLogin2.java:43)
at TestPractice.ActitimeLogin2.cleanUp1(ActitimeLogin2.java:43)
at TestPractice.ActitimeLogin2.cleanUp1(ActitimeLogin2.java:43)
at TestPractice.ActitimeLogin2.cleanUp1(ActitimeLogin2.java:43)
at TestPractice.ActitimeLogin2.cleanUp1(ActitimeLogin2.java:43)
at TestPractice.ActitimeLogin2.cleanUp1(ActitimeLogin2.java:43)
at TestPractice.ActitimeLogin2.cleanUp1(ActitimeLogin2.java:43)
at TestPractice.ActitimeLogin2.cleanUp1(ActitimeLogin2.java:43)
at TestPractice.ActitimeLogin2.cleanUp1(ActitimeLogin2.java:43)
at TestPractice.ActitimeLogin2.cleanUp1(ActitimeLogin2.java:43)
at TestPractice.ActitimeLogin2.cleanUp1(ActitimeLogin2.java:43)
at TestPractice.ActitimeLogin2.cleanUp1(ActitimeLogin2.java:43)
at TestPractice.ActitimeLogin2.cleanUp1(ActitimeLogin2.java:43)
at TestPractice.ActitimeLogin2.cleanUp1(ActitimeLogin2.java:43)
at TestPractice.ActitimeLogin2.cleanUp1(ActitimeLogin2.java:43)
at TestPractice.ActitimeLogin2.cleanUp1(ActitimeLogin2.java:43)
at TestPractice.ActitimeLogin2.cleanUp1(ActitimeLogin2.java:43)
at TestPractice.ActitimeLogin2.cleanUp1(ActitimeLogin2.java:43)
at TestPractice.ActitimeLogin2.cleanUp1(ActitimeLogin2.java:43)
at TestPractice.ActitimeLogin2.cleanUp1(ActitimeLogin2.java:43)
at TestPractice.ActitimeLogin2.cleanUp1(ActitimeLogin2.java:43)
at TestPractice.ActitimeLogin2.cleanUp1(ActitimeLogin2.java:43)
at TestPractice.ActitimeLogin2.cleanUp1(ActitimeLogin2.java:43)
at TestPractice.ActitimeLogin2.cleanUp1(ActitimeLogin2.java:43)
at TestPractice.ActitimeLogin2.cleanUp1(ActitimeLogin2.java:43)
at TestPractice.ActitimeLogin2.cleanUp1(ActitimeLogin2.java:43)
at TestPractice.ActitimeLogin2.cleanUp1(ActitimeLogin2.java:43)
at TestPractice.ActitimeLogin2.cleanUp1(ActitimeLogin2.java:43)
at TestPractice.ActitimeLogin2.cleanUp1(ActitimeLogin2.java:43)
at TestPractice.ActitimeLogin2.cleanUp1(ActitimeLogin2.java:43)
at TestPractice.ActitimeLogin2.cleanUp1(ActitimeLogin2.java:43)
at TestPractice.ActitimeLogin2.cleanUp1(ActitimeLogin2.java:43)
at TestPractice.ActitimeLogin2.cleanUp1(ActitimeLogin2.java:43)
at TestPractice.ActitimeLogin2.cleanUp1(ActitimeLogin2.java:43)
at TestPractice.ActitimeLogin2.cleanUp1(ActitimeLogin2.java:43)
at TestPractice.ActitimeLogin2.cleanUp1(ActitimeLogin2.java:43)
at TestPractice.ActitimeLogin2.cleanUp1(ActitimeLogin2.java:43)
at TestPractice.ActitimeLogin2.cleanUp1(ActitimeLogin2.java:43)
at TestPractice.ActitimeLogin2.cleanUp1(ActitimeLogin2.java:43)
at TestPractice.ActitimeLogin2.cleanUp1(ActitimeLogin2.java:43)
at TestPractice.ActitimeLogin2.cleanUp1(ActitimeLogin2.java:43)
at TestPractice.ActitimeLogin2.cleanUp1(ActitimeLogin2.java:43)
at TestPractice.ActitimeLogin2.cleanUp1(ActitimeLogin2.java:43)
at TestPractice.ActitimeLogin2.cleanUp1(ActitimeLogin2.java:43)
at TestPractice.ActitimeLogin2.cleanUp1(ActitimeLogin2.java:43)
at TestPractice.ActitimeLogin2.cleanUp1(ActitimeLogin2.java:43)
at TestPractice.ActitimeLogin2.cleanUp1(ActitimeLogin2.java:43)
at TestPractice.ActitimeLogin2.cleanUp1(ActitimeLogin2.java:43)
at TestPractice.ActitimeLogin2.cleanUp1(ActitimeLogin2.java:43)
at TestPractice.ActitimeLogin2.cleanUp1(ActitimeLogin2.java:43)
at TestPractice.ActitimeLogin2.cleanUp1(ActitimeLogin2.java:43)
at TestPractice.ActitimeLogin2.cleanUp1(ActitimeLogin2.java:43)
Caused by: org.apache.poi.openxml4j.exceptions.InvalidFormatException: Package should contain a content type part [M1.13]
at org.apache.poi.openxml4j.opc.ZipPackage.getPartsImpl(ZipPackage.java:178)
at org.apache.poi.openxml4j.opc.OPCPackage.getParts(OPCPackage.java:662)
at org.apache.poi.openxml4j.opc.OPCPackage.open(OPCPackage.java:269)
at org.apache.poi.util.PackageHelper.open(PackageHelper.java:39)
at org.apache.poi.xssf.usermodel.XSSFWorkbook.<init>(XSSFWorkbook.java:204)
at Utility.ExcelUtility.initializeWorkbook(ExcelUtility.java:19)
at Utility.ExcelUtility.updateExcelContent(ExcelUtility.java:55)
at TestPractice.ActitimeLogin2.cleanUp1(ActitimeLogin2.java:39)
... 1016 more
]]>
    </error>
  </testcase> <!-- cleanUp1 -->
</testsuite> <!-- TestPractice.ActitimeLogin2 -->
