<?xml version="1.0" encoding="UTF-8"?>
<!-- Generated by org.testng.reporters.JUnitReportReporter -->
<testsuite hostname="DESKTOP-3EMAQIT" failures="0" tests="1" name="TestPractice.Example2" time="0.633" errors="0" timestamp="10 Oct 2023 12:42:16 GMT" skipped="0">
  <testcase classname="TestPractice.Example2" name="excelOps" time="0.633"/>
</testsuite> <!-- TestPractice.Example2 -->
