<?xml version="1.0" encoding="UTF-8"?>
<!-- Generated by org.testng.reporters.JUnitReportReporter -->
<testsuite hostname="DESKTOP-3EMAQIT" failures="0" tests="4" name="TestPractice.SauceDemoAssignment" time="7.124" errors="0" timestamp="2023-10-09T17:37:30 IST" skipped="0">
  <testcase classname="TestPractice.SauceDemoAssignment" name="loginToSauceDemo" time="5.096"/>
  <system-out/>
  <testcase classname="TestPractice.SauceDemoAssignment" name="addProductToCart" time="0.648"/>
  <system-out/>
  <testcase classname="TestPractice.SauceDemoAssignment" name="enterNameAndZipcode" time="1.127"/>
  <system-out/>
  <testcase classname="TestPractice.SauceDemoAssignment" name="validateSuccessMessage" time="0.253"/>
  <system-out/>
</testsuite> <!-- TestPractice.SauceDemoAssignment -->
