<?xml version="1.0" encoding="UTF-8"?>
<!-- Generated by org.testng.reporters.JUnitReportReporter -->
<testsuite hostname="DESKTOP-3EMAQIT" failures="0" tests="1" name="TestPractice.Sample" time="6.195" errors="0" timestamp="2023-10-06T20:15:31 IST" skipped="0">
  <testcase classname="TestPractice.Sample" name="CreatePIM" time="6.195"/>
  <system-out/>
</testsuite> <!-- TestPractice.Sample -->
