<?xml version="1.0" encoding="UTF-8"?>
<!-- Generated by org.testng.reporters.JUnitReportReporter -->
<testsuite hostname="DESKTOP-3EMAQIT" failures="0" tests="1" name="TestPractice.ExcelUpdate" time="0.695" errors="0" timestamp="10 Oct 2023 12:51:07 GMT" skipped="0">
  <testcase classname="TestPractice.ExcelUpdate" name="updateCellDetails" time="0.695"/>
</testsuite> <!-- TestPractice.ExcelUpdate -->
