<?xml version="1.0" encoding="UTF-8"?>
<!-- Generated by org.testng.reporters.JUnitReportReporter -->
<testsuite hostname="DESKTOP-3EMAQIT" failures="0" tests="1" name="JavasriptPractice.Example2" time="12.531" errors="0" timestamp="2023-10-12T19:45:52 IST" skipped="0">
  <testcase classname="JavasriptPractice.Example2" name="testCase1" time="12.531"/>
  <system-out/>
</testsuite> <!-- JavasriptPractice.Example2 -->
