<?xml version="1.0" encoding="UTF-8"?>
<!-- Generated by org.testng.reporters.JUnitReportReporter -->
<testsuite hostname="DESKTOP-3EMAQIT" failures="0" tests="1" name="SauceDemoTestScripts.TestScripts" time="2.366" errors="0" timestamp="2023-10-17T23:22:53 IST" skipped="0">
  <testcase classname="SauceDemoTestScripts.TestScripts" name="addProductToCart" time="2.366"/>
</testsuite> <!-- SauceDemoTestScripts.TestScripts -->
