<?xml version="1.0" encoding="UTF-8"?>
<!-- Generated by org.testng.reporters.JUnitReportReporter -->
<testsuite hostname="DESKTOP-3EMAQIT" failures="0" tests="2" name="TestPractice.OrangeHrmPIM2" time="21.186" errors="0" timestamp="2023-10-07T17:42:56 IST" skipped="0">
  <testcase classname="TestPractice.OrangeHrmPIM2" name="UpdatePimUser" time="11.583"/>
  <system-out/>
  <testcase classname="TestPractice.OrangeHrmPIM2" name="UpdatePimUser2" time="9.603"/>
  <system-out/>
</testsuite> <!-- TestPractice.OrangeHrmPIM2 -->
