<?xml version="1.0" encoding="UTF-8"?>
<!-- Generated by org.testng.reporters.JUnitReportReporter -->
<testsuite hostname="DESKTOP-3EMAQIT" failures="0" tests="3" name="OrangeHRMScripts.TestOrangeHrmPim" time="68.495" errors="0" timestamp="2023-10-19T19:26:03 IST" skipped="0">
  <testcase classname="OrangeHRMScripts.TestOrangeHrmPim" name="createPIM" time="23.233"/>
  <testcase classname="OrangeHRMScripts.TestOrangeHrmPim" name="editPIM" time="23.001"/>
  <testcase classname="OrangeHRMScripts.TestOrangeHrmPim" name="deletePIM" time="22.261"/>
</testsuite> <!-- OrangeHRMScripts.TestOrangeHrmPim -->
