<?xml version="1.0" encoding="UTF-8"?>
<!-- Generated by org.testng.reporters.JUnitReportReporter -->
<testsuite hostname="DESKTOP-3EMAQIT" failures="0" tests="3" name="TestPractice.Example1" time="0.006" errors="0" timestamp="2023-10-06T11:40:09 IST" skipped="0">
  <testcase classname="TestPractice.Example1" name="testCase3" time="0.002"/>
  <system-out/>
  <testcase classname="TestPractice.Example1" name="testCase1" time="0.002"/>
  <system-out/>
  <testcase classname="TestPractice.Example1" name="testCase2" time="0.002"/>
  <system-out/>
</testsuite> <!-- TestPractice.Example1 -->
