<?xml version="1.0" encoding="UTF-8"?>
<!-- Generated by org.testng.reporters.JUnitReportReporter -->
<testsuite hostname="DESKTOP-3EMAQIT" failures="0" tests="3" name="GoogleTestScript.TestGoogleSearchPage" time="2.741" errors="0" timestamp="2023-10-15T00:22:48 IST" skipped="0">
  <testcase classname="GoogleTestScript.TestGoogleSearchPage" name="testGoogleHomePage" time="0.031"/>
  <system-out/>
  <testcase classname="GoogleTestScript.TestGoogleSearchPage" name="testSuggestionCount" time="0.453"/>
  <system-out/>
  <testcase classname="GoogleTestScript.TestGoogleSearchPage" name="testGoogleSearchPage" time="2.257"/>
  <system-out/>
</testsuite> <!-- GoogleTestScript.TestGoogleSearchPage -->
