<?xml version="1.0" encoding="UTF-8"?>
<!-- Generated by org.testng.reporters.JUnitReportReporter -->
<testsuite hostname="DESKTOP-3EMAQIT" failures="0" tests="2" name="TestPractice.OrangeHrmPIM4" time="9.947" errors="0" timestamp="2023-10-15T23:18:50 IST" skipped="0">
  <testcase classname="TestPractice.OrangeHrmPIM4" name="create_PIMUser" time="5.512"/>
  <system-out/>
  <testcase classname="TestPractice.OrangeHrmPIM4" name="update_PimUser" time="4.435"/>
  <system-out/>
</testsuite> <!-- TestPractice.OrangeHrmPIM4 -->
