<?xml version="1.0" encoding="UTF-8"?>
<!-- Generated by org.testng.reporters.JUnitReportReporter -->
<testsuite hostname="DESKTOP-3EMAQIT" failures="0" tests="3" name="TestPractice.Example3" time="0.018" errors="0" timestamp="2023-10-06T18:37:11 IST" skipped="1">
  <testcase classname="TestPractice.Example3" name="testCase2" time="0.010"/>
  <system-out/>
  <testcase classname="TestPractice.Example3" name="testCase1" time="0.008"/>
  <system-out/>
  <testcase classname="TestPractice.Example3" name="testCase3">
    <skipped/>
  </testcase> <!-- testCase3 -->
  <system-out/>
</testsuite> <!-- TestPractice.Example3 -->
