<?xml version="1.0" encoding="UTF-8"?>
<!-- Generated by org.testng.reporters.JUnitReportReporter -->
<testsuite hostname="DESKTOP-3EMAQIT" failures="0" tests="1" name="SauceDemoTestScripts.TestScripts" time="2.426" errors="0" timestamp="2023-10-18T16:45:17 IST" skipped="0">
  <testcase classname="SauceDemoTestScripts.TestScripts" name="addProductToCart" time="2.426"/>
  <system-out/>
</testsuite> <!-- SauceDemoTestScripts.TestScripts -->
